<?xml version="1.0" encoding="UTF-8"?>
<testsuite name="by.stqa.lesson2.addressbook.tests.GroupCreationTests" tests="4" skipped="0" failures="0" errors="0" timestamp="2019-10-06T20:06:05" hostname="Igor-PC" time="11.01">
  <properties/>
  <testcase name="testGroupCreation[0](GroupData{id=2147483647, name='test0', header='header 0', footer='footer 0'})" classname="by.stqa.lesson2.addressbook.tests.GroupCreationTests" time="3.524"/>
  <testcase name="testGroupCreation[1](GroupData{id=2147483647, name='test1', header='header 1', footer='footer 1'})" classname="by.stqa.lesson2.addressbook.tests.GroupCreationTests" time="2.565"/>
  <testcase name="testGroupCreation[2](GroupData{id=2147483647, name='test2', header='header 2', footer='footer 2'})" classname="by.stqa.lesson2.addressbook.tests.GroupCreationTests" time="2.488"/>
  <testcase name="testGroupCreation[3](GroupData{id=2147483647, name='test3', header='header 3', footer='footer 3'})" classname="by.stqa.lesson2.addressbook.tests.GroupCreationTests" time="2.43"/>
  <system-out><![CDATA[Hibernate: select groupdata0_.group_id as group_id1_2_, groupdata0_.group_footer as group_fo2_2_, groupdata0_.group_header as group_he3_2_, groupdata0_.group_name as group_na4_2_ from group_list groupdata0_
Hibernate: select contacts0_.group_id as group_id2_0_0_, contacts0_.id as id1_0_0_, contactdat1_.id as id1_1_1_, contactdat1_.address as address2_1_1_, contactdat1_.company as company3_1_1_, contactdat1_.email as email4_1_1_, contactdat1_.firstname as firstnam5_1_1_, contactdat1_.home as home6_1_1_, contactdat1_.lastname as lastname7_1_1_, contactdat1_.mobile as mobile8_1_1_, contactdat1_.work as work9_1_1_ from address_in_groups contacts0_ inner join addressbook contactdat1_ on contacts0_.id=contactdat1_.id where contacts0_.group_id=?
Hibernate: select contacts0_.group_id as group_id2_0_0_, contacts0_.id as id1_0_0_, contactdat1_.id as id1_1_1_, contactdat1_.address as address2_1_1_, contactdat1_.company as company3_1_1_, contactdat1_.email as email4_1_1_, contactdat1_.firstname as firstnam5_1_1_, contactdat1_.home as home6_1_1_, contactdat1_.lastname as lastname7_1_1_, contactdat1_.mobile as mobile8_1_1_, contactdat1_.work as work9_1_1_ from address_in_groups contacts0_ inner join addressbook contactdat1_ on contacts0_.id=contactdat1_.id where contacts0_.group_id=?
Hibernate: select contacts0_.group_id as group_id2_0_0_, contacts0_.id as id1_0_0_, contactdat1_.id as id1_1_1_, contactdat1_.address as address2_1_1_, contactdat1_.company as company3_1_1_, contactdat1_.email as email4_1_1_, contactdat1_.firstname as firstnam5_1_1_, contactdat1_.home as home6_1_1_, contactdat1_.lastname as lastname7_1_1_, contactdat1_.mobile as mobile8_1_1_, contactdat1_.work as work9_1_1_ from address_in_groups contacts0_ inner join addressbook contactdat1_ on contacts0_.id=contactdat1_.id where contacts0_.group_id=?
Hibernate: select contacts0_.group_id as group_id2_0_0_, contacts0_.id as id1_0_0_, contactdat1_.id as id1_1_1_, contactdat1_.address as address2_1_1_, contactdat1_.company as company3_1_1_, contactdat1_.email as email4_1_1_, contactdat1_.firstname as firstnam5_1_1_, contactdat1_.home as home6_1_1_, contactdat1_.lastname as lastname7_1_1_, contactdat1_.mobile as mobile8_1_1_, contactdat1_.work as work9_1_1_ from address_in_groups contacts0_ inner join addressbook contactdat1_ on contacts0_.id=contactdat1_.id where contacts0_.group_id=?
Hibernate: select contacts0_.group_id as group_id2_0_0_, contacts0_.id as id1_0_0_, contactdat1_.id as id1_1_1_, contactdat1_.address as address2_1_1_, contactdat1_.company as company3_1_1_, contactdat1_.email as email4_1_1_, contactdat1_.firstname as firstnam5_1_1_, contactdat1_.home as home6_1_1_, contactdat1_.lastname as lastname7_1_1_, contactdat1_.mobile as mobile8_1_1_, contactdat1_.work as work9_1_1_ from address_in_groups contacts0_ inner join addressbook contactdat1_ on contacts0_.id=contactdat1_.id where contacts0_.group_id=?
Hibernate: select contacts0_.group_id as group_id2_0_0_, contacts0_.id as id1_0_0_, contactdat1_.id as id1_1_1_, contactdat1_.address as address2_1_1_, contactdat1_.company as company3_1_1_, contactdat1_.email as email4_1_1_, contactdat1_.firstname as firstnam5_1_1_, contactdat1_.home as home6_1_1_, contactdat1_.lastname as lastname7_1_1_, contactdat1_.mobile as mobile8_1_1_, contactdat1_.work as work9_1_1_ from address_in_groups contacts0_ inner join addressbook contactdat1_ on contacts0_.id=contactdat1_.id where contacts0_.group_id=?
Hibernate: select contacts0_.group_id as group_id2_0_0_, contacts0_.id as id1_0_0_, contactdat1_.id as id1_1_1_, contactdat1_.address as address2_1_1_, contactdat1_.company as company3_1_1_, contactdat1_.email as email4_1_1_, contactdat1_.firstname as firstnam5_1_1_, contactdat1_.home as home6_1_1_, contactdat1_.lastname as lastname7_1_1_, contactdat1_.mobile as mobile8_1_1_, contactdat1_.work as work9_1_1_ from address_in_groups contacts0_ inner join addressbook contactdat1_ on contacts0_.id=contactdat1_.id where contacts0_.group_id=?
Hibernate: select contacts0_.group_id as group_id2_0_0_, contacts0_.id as id1_0_0_, contactdat1_.id as id1_1_1_, contactdat1_.address as address2_1_1_, contactdat1_.company as company3_1_1_, contactdat1_.email as email4_1_1_, contactdat1_.firstname as firstnam5_1_1_, contactdat1_.home as home6_1_1_, contactdat1_.lastname as lastname7_1_1_, contactdat1_.mobile as mobile8_1_1_, contactdat1_.work as work9_1_1_ from address_in_groups contacts0_ inner join addressbook contactdat1_ on contacts0_.id=contactdat1_.id where contacts0_.group_id=?
Hibernate: select contacts0_.group_id as group_id2_0_0_, contacts0_.id as id1_0_0_, contactdat1_.id as id1_1_1_, contactdat1_.address as address2_1_1_, contactdat1_.company as company3_1_1_, contactdat1_.email as email4_1_1_, contactdat1_.firstname as firstnam5_1_1_, contactdat1_.home as home6_1_1_, contactdat1_.lastname as lastname7_1_1_, contactdat1_.mobile as mobile8_1_1_, contactdat1_.work as work9_1_1_ from address_in_groups contacts0_ inner join addressbook contactdat1_ on contacts0_.id=contactdat1_.id where contacts0_.group_id=?
Hibernate: select contacts0_.group_id as group_id2_0_0_, contacts0_.id as id1_0_0_, contactdat1_.id as id1_1_1_, contactdat1_.address as address2_1_1_, contactdat1_.company as company3_1_1_, contactdat1_.email as email4_1_1_, contactdat1_.firstname as firstnam5_1_1_, contactdat1_.home as home6_1_1_, contactdat1_.lastname as lastname7_1_1_, contactdat1_.mobile as mobile8_1_1_, contactdat1_.work as work9_1_1_ from address_in_groups contacts0_ inner join addressbook contactdat1_ on contacts0_.id=contactdat1_.id where contacts0_.group_id=?
Hibernate: select contacts0_.group_id as group_id2_0_0_, contacts0_.id as id1_0_0_, contactdat1_.id as id1_1_1_, contactdat1_.address as address2_1_1_, contactdat1_.company as company3_1_1_, contactdat1_.email as email4_1_1_, contactdat1_.firstname as firstnam5_1_1_, contactdat1_.home as home6_1_1_, contactdat1_.lastname as lastname7_1_1_, contactdat1_.mobile as mobile8_1_1_, contactdat1_.work as work9_1_1_ from address_in_groups contacts0_ inner join addressbook contactdat1_ on contacts0_.id=contactdat1_.id where contacts0_.group_id=?
Hibernate: select contacts0_.group_id as group_id2_0_0_, contacts0_.id as id1_0_0_, contactdat1_.id as id1_1_1_, contactdat1_.address as address2_1_1_, contactdat1_.company as company3_1_1_, contactdat1_.email as email4_1_1_, contactdat1_.firstname as firstnam5_1_1_, contactdat1_.home as home6_1_1_, contactdat1_.lastname as lastname7_1_1_, contactdat1_.mobile as mobile8_1_1_, contactdat1_.work as work9_1_1_ from address_in_groups contacts0_ inner join addressbook contactdat1_ on contacts0_.id=contactdat1_.id where contacts0_.group_id=?
Hibernate: select contacts0_.group_id as group_id2_0_0_, contacts0_.id as id1_0_0_, contactdat1_.id as id1_1_1_, contactdat1_.address as address2_1_1_, contactdat1_.company as company3_1_1_, contactdat1_.email as email4_1_1_, contactdat1_.firstname as firstnam5_1_1_, contactdat1_.home as home6_1_1_, contactdat1_.lastname as lastname7_1_1_, contactdat1_.mobile as mobile8_1_1_, contactdat1_.work as work9_1_1_ from address_in_groups contacts0_ inner join addressbook contactdat1_ on contacts0_.id=contactdat1_.id where contacts0_.group_id=?
Hibernate: select contacts0_.group_id as group_id2_0_0_, contacts0_.id as id1_0_0_, contactdat1_.id as id1_1_1_, contactdat1_.address as address2_1_1_, contactdat1_.company as company3_1_1_, contactdat1_.email as email4_1_1_, contactdat1_.firstname as firstnam5_1_1_, contactdat1_.home as home6_1_1_, contactdat1_.lastname as lastname7_1_1_, contactdat1_.mobile as mobile8_1_1_, contactdat1_.work as work9_1_1_ from address_in_groups contacts0_ inner join addressbook contactdat1_ on contacts0_.id=contactdat1_.id where contacts0_.group_id=?
Hibernate: select contacts0_.group_id as group_id2_0_0_, contacts0_.id as id1_0_0_, contactdat1_.id as id1_1_1_, contactdat1_.address as address2_1_1_, contactdat1_.company as company3_1_1_, contactdat1_.email as email4_1_1_, contactdat1_.firstname as firstnam5_1_1_, contactdat1_.home as home6_1_1_, contactdat1_.lastname as lastname7_1_1_, contactdat1_.mobile as mobile8_1_1_, contactdat1_.work as work9_1_1_ from address_in_groups contacts0_ inner join addressbook contactdat1_ on contacts0_.id=contactdat1_.id where contacts0_.group_id=?
Hibernate: select contacts0_.group_id as group_id2_0_0_, contacts0_.id as id1_0_0_, contactdat1_.id as id1_1_1_, contactdat1_.address as address2_1_1_, contactdat1_.company as company3_1_1_, contactdat1_.email as email4_1_1_, contactdat1_.firstname as firstnam5_1_1_, contactdat1_.home as home6_1_1_, contactdat1_.lastname as lastname7_1_1_, contactdat1_.mobile as mobile8_1_1_, contactdat1_.work as work9_1_1_ from address_in_groups contacts0_ inner join addressbook contactdat1_ on contacts0_.id=contactdat1_.id where contacts0_.group_id=?
Hibernate: select contacts0_.group_id as group_id2_0_0_, contacts0_.id as id1_0_0_, contactdat1_.id as id1_1_1_, contactdat1_.address as address2_1_1_, contactdat1_.company as company3_1_1_, contactdat1_.email as email4_1_1_, contactdat1_.firstname as firstnam5_1_1_, contactdat1_.home as home6_1_1_, contactdat1_.lastname as lastname7_1_1_, contactdat1_.mobile as mobile8_1_1_, contactdat1_.work as work9_1_1_ from address_in_groups contacts0_ inner join addressbook contactdat1_ on contacts0_.id=contactdat1_.id where contacts0_.group_id=?
Hibernate: select contacts0_.group_id as group_id2_0_0_, contacts0_.id as id1_0_0_, contactdat1_.id as id1_1_1_, contactdat1_.address as address2_1_1_, contactdat1_.company as company3_1_1_, contactdat1_.email as email4_1_1_, contactdat1_.firstname as firstnam5_1_1_, contactdat1_.home as home6_1_1_, contactdat1_.lastname as lastname7_1_1_, contactdat1_.mobile as mobile8_1_1_, contactdat1_.work as work9_1_1_ from address_in_groups contacts0_ inner join addressbook contactdat1_ on contacts0_.id=contactdat1_.id where contacts0_.group_id=?
Hibernate: select contacts0_.group_id as group_id2_0_0_, contacts0_.id as id1_0_0_, contactdat1_.id as id1_1_1_, contactdat1_.address as address2_1_1_, contactdat1_.company as company3_1_1_, contactdat1_.email as email4_1_1_, contactdat1_.firstname as firstnam5_1_1_, contactdat1_.home as home6_1_1_, contactdat1_.lastname as lastname7_1_1_, contactdat1_.mobile as mobile8_1_1_, contactdat1_.work as work9_1_1_ from address_in_groups contacts0_ inner join addressbook contactdat1_ on contacts0_.id=contactdat1_.id where contacts0_.group_id=?
Hibernate: select contacts0_.group_id as group_id2_0_0_, contacts0_.id as id1_0_0_, contactdat1_.id as id1_1_1_, contactdat1_.address as address2_1_1_, contactdat1_.company as company3_1_1_, contactdat1_.email as email4_1_1_, contactdat1_.firstname as firstnam5_1_1_, contactdat1_.home as home6_1_1_, contactdat1_.lastname as lastname7_1_1_, contactdat1_.mobile as mobile8_1_1_, contactdat1_.work as work9_1_1_ from address_in_groups contacts0_ inner join addressbook contactdat1_ on contacts0_.id=contactdat1_.id where contacts0_.group_id=?
Hibernate: select contacts0_.group_id as group_id2_0_0_, contacts0_.id as id1_0_0_, contactdat1_.id as id1_1_1_, contactdat1_.address as address2_1_1_, contactdat1_.company as company3_1_1_, contactdat1_.email as email4_1_1_, contactdat1_.firstname as firstnam5_1_1_, contactdat1_.home as home6_1_1_, contactdat1_.lastname as lastname7_1_1_, contactdat1_.mobile as mobile8_1_1_, contactdat1_.work as work9_1_1_ from address_in_groups contacts0_ inner join addressbook contactdat1_ on contacts0_.id=contactdat1_.id where contacts0_.group_id=?
Hibernate: select contacts0_.group_id as group_id2_0_0_, contacts0_.id as id1_0_0_, contactdat1_.id as id1_1_1_, contactdat1_.address as address2_1_1_, contactdat1_.company as company3_1_1_, contactdat1_.email as email4_1_1_, contactdat1_.firstname as firstnam5_1_1_, contactdat1_.home as home6_1_1_, contactdat1_.lastname as lastname7_1_1_, contactdat1_.mobile as mobile8_1_1_, contactdat1_.work as work9_1_1_ from address_in_groups contacts0_ inner join addressbook contactdat1_ on contacts0_.id=contactdat1_.id where contacts0_.group_id=?
Hibernate: select contacts0_.group_id as group_id2_0_0_, contacts0_.id as id1_0_0_, contactdat1_.id as id1_1_1_, contactdat1_.address as address2_1_1_, contactdat1_.company as company3_1_1_, contactdat1_.email as email4_1_1_, contactdat1_.firstname as firstnam5_1_1_, contactdat1_.home as home6_1_1_, contactdat1_.lastname as lastname7_1_1_, contactdat1_.mobile as mobile8_1_1_, contactdat1_.work as work9_1_1_ from address_in_groups contacts0_ inner join addressbook contactdat1_ on contacts0_.id=contactdat1_.id where contacts0_.group_id=?
Hibernate: select contacts0_.group_id as group_id2_0_0_, contacts0_.id as id1_0_0_, contactdat1_.id as id1_1_1_, contactdat1_.address as address2_1_1_, contactdat1_.company as company3_1_1_, contactdat1_.email as email4_1_1_, contactdat1_.firstname as firstnam5_1_1_, contactdat1_.home as home6_1_1_, contactdat1_.lastname as lastname7_1_1_, contactdat1_.mobile as mobile8_1_1_, contactdat1_.work as work9_1_1_ from address_in_groups contacts0_ inner join addressbook contactdat1_ on contacts0_.id=contactdat1_.id where contacts0_.group_id=?
Hibernate: select contacts0_.group_id as group_id2_0_0_, contacts0_.id as id1_0_0_, contactdat1_.id as id1_1_1_, contactdat1_.address as address2_1_1_, contactdat1_.company as company3_1_1_, contactdat1_.email as email4_1_1_, contactdat1_.firstname as firstnam5_1_1_, contactdat1_.home as home6_1_1_, contactdat1_.lastname as lastname7_1_1_, contactdat1_.mobile as mobile8_1_1_, contactdat1_.work as work9_1_1_ from address_in_groups contacts0_ inner join addressbook contactdat1_ on contacts0_.id=contactdat1_.id where contacts0_.group_id=?
Hibernate: select contacts0_.group_id as group_id2_0_0_, contacts0_.id as id1_0_0_, contactdat1_.id as id1_1_1_, contactdat1_.address as address2_1_1_, contactdat1_.company as company3_1_1_, contactdat1_.email as email4_1_1_, contactdat1_.firstname as firstnam5_1_1_, contactdat1_.home as home6_1_1_, contactdat1_.lastname as lastname7_1_1_, contactdat1_.mobile as mobile8_1_1_, contactdat1_.work as work9_1_1_ from address_in_groups contacts0_ inner join addressbook contactdat1_ on contacts0_.id=contactdat1_.id where contacts0_.group_id=?
Hibernate: select contacts0_.group_id as group_id2_0_0_, contacts0_.id as id1_0_0_, contactdat1_.id as id1_1_1_, contactdat1_.address as address2_1_1_, contactdat1_.company as company3_1_1_, contactdat1_.email as email4_1_1_, contactdat1_.firstname as firstnam5_1_1_, contactdat1_.home as home6_1_1_, contactdat1_.lastname as lastname7_1_1_, contactdat1_.mobile as mobile8_1_1_, contactdat1_.work as work9_1_1_ from address_in_groups contacts0_ inner join addressbook contactdat1_ on contacts0_.id=contactdat1_.id where contacts0_.group_id=?
Hibernate: select contacts0_.group_id as group_id2_0_0_, contacts0_.id as id1_0_0_, contactdat1_.id as id1_1_1_, contactdat1_.address as address2_1_1_, contactdat1_.company as company3_1_1_, contactdat1_.email as email4_1_1_, contactdat1_.firstname as firstnam5_1_1_, contactdat1_.home as home6_1_1_, contactdat1_.lastname as lastname7_1_1_, contactdat1_.mobile as mobile8_1_1_, contactdat1_.work as work9_1_1_ from address_in_groups contacts0_ inner join addressbook contactdat1_ on contacts0_.id=contactdat1_.id where contacts0_.group_id=?
Hibernate: select contacts0_.group_id as group_id2_0_0_, contacts0_.id as id1_0_0_, contactdat1_.id as id1_1_1_, contactdat1_.address as address2_1_1_, contactdat1_.company as company3_1_1_, contactdat1_.email as email4_1_1_, contactdat1_.firstname as firstnam5_1_1_, contactdat1_.home as home6_1_1_, contactdat1_.lastname as lastname7_1_1_, contactdat1_.mobile as mobile8_1_1_, contactdat1_.work as work9_1_1_ from address_in_groups contacts0_ inner join addressbook contactdat1_ on contacts0_.id=contactdat1_.id where contacts0_.group_id=?
Hibernate: select groupdata0_.group_id as group_id1_2_, groupdata0_.group_footer as group_fo2_2_, groupdata0_.group_header as group_he3_2_, groupdata0_.group_name as group_na4_2_ from group_list groupdata0_
Hibernate: select contacts0_.group_id as group_id2_0_0_, contacts0_.id as id1_0_0_, contactdat1_.id as id1_1_1_, contactdat1_.address as address2_1_1_, contactdat1_.company as company3_1_1_, contactdat1_.email as email4_1_1_, contactdat1_.firstname as firstnam5_1_1_, contactdat1_.home as home6_1_1_, contactdat1_.lastname as lastname7_1_1_, contactdat1_.mobile as mobile8_1_1_, contactdat1_.work as work9_1_1_ from address_in_groups contacts0_ inner join addressbook contactdat1_ on contacts0_.id=contactdat1_.id where contacts0_.group_id=?
Hibernate: select contacts0_.group_id as group_id2_0_0_, contacts0_.id as id1_0_0_, contactdat1_.id as id1_1_1_, contactdat1_.address as address2_1_1_, contactdat1_.company as company3_1_1_, contactdat1_.email as email4_1_1_, contactdat1_.firstname as firstnam5_1_1_, contactdat1_.home as home6_1_1_, contactdat1_.lastname as lastname7_1_1_, contactdat1_.mobile as mobile8_1_1_, contactdat1_.work as work9_1_1_ from address_in_groups contacts0_ inner join addressbook contactdat1_ on contacts0_.id=contactdat1_.id where contacts0_.group_id=?
Hibernate: select contacts0_.group_id as group_id2_0_0_, contacts0_.id as id1_0_0_, contactdat1_.id as id1_1_1_, contactdat1_.address as address2_1_1_, contactdat1_.company as company3_1_1_, contactdat1_.email as email4_1_1_, contactdat1_.firstname as firstnam5_1_1_, contactdat1_.home as home6_1_1_, contactdat1_.lastname as lastname7_1_1_, contactdat1_.mobile as mobile8_1_1_, contactdat1_.work as work9_1_1_ from address_in_groups contacts0_ inner join addressbook contactdat1_ on contacts0_.id=contactdat1_.id where contacts0_.group_id=?
Hibernate: select contacts0_.group_id as group_id2_0_0_, contacts0_.id as id1_0_0_, contactdat1_.id as id1_1_1_, contactdat1_.address as address2_1_1_, contactdat1_.company as company3_1_1_, contactdat1_.email as email4_1_1_, contactdat1_.firstname as firstnam5_1_1_, contactdat1_.home as home6_1_1_, contactdat1_.lastname as lastname7_1_1_, contactdat1_.mobile as mobile8_1_1_, contactdat1_.work as work9_1_1_ from address_in_groups contacts0_ inner join addressbook contactdat1_ on contacts0_.id=contactdat1_.id where contacts0_.group_id=?
Hibernate: select contacts0_.group_id as group_id2_0_0_, contacts0_.id as id1_0_0_, contactdat1_.id as id1_1_1_, contactdat1_.address as address2_1_1_, contactdat1_.company as company3_1_1_, contactdat1_.email as email4_1_1_, contactdat1_.firstname as firstnam5_1_1_, contactdat1_.home as home6_1_1_, contactdat1_.lastname as lastname7_1_1_, contactdat1_.mobile as mobile8_1_1_, contactdat1_.work as work9_1_1_ from address_in_groups contacts0_ inner join addressbook contactdat1_ on contacts0_.id=contactdat1_.id where contacts0_.group_id=?
Hibernate: select contacts0_.group_id as group_id2_0_0_, contacts0_.id as id1_0_0_, contactdat1_.id as id1_1_1_, contactdat1_.address as address2_1_1_, contactdat1_.company as company3_1_1_, contactdat1_.email as email4_1_1_, contactdat1_.firstname as firstnam5_1_1_, contactdat1_.home as home6_1_1_, contactdat1_.lastname as lastname7_1_1_, contactdat1_.mobile as mobile8_1_1_, contactdat1_.work as work9_1_1_ from address_in_groups contacts0_ inner join addressbook contactdat1_ on contacts0_.id=contactdat1_.id where contacts0_.group_id=?
Hibernate: select contacts0_.group_id as group_id2_0_0_, contacts0_.id as id1_0_0_, contactdat1_.id as id1_1_1_, contactdat1_.address as address2_1_1_, contactdat1_.company as company3_1_1_, contactdat1_.email as email4_1_1_, contactdat1_.firstname as firstnam5_1_1_, contactdat1_.home as home6_1_1_, contactdat1_.lastname as lastname7_1_1_, contactdat1_.mobile as mobile8_1_1_, contactdat1_.work as work9_1_1_ from address_in_groups contacts0_ inner join addressbook contactdat1_ on contacts0_.id=contactdat1_.id where contacts0_.group_id=?
Hibernate: select contacts0_.group_id as group_id2_0_0_, contacts0_.id as id1_0_0_, contactdat1_.id as id1_1_1_, contactdat1_.address as address2_1_1_, contactdat1_.company as company3_1_1_, contactdat1_.email as email4_1_1_, contactdat1_.firstname as firstnam5_1_1_, contactdat1_.home as home6_1_1_, contactdat1_.lastname as lastname7_1_1_, contactdat1_.mobile as mobile8_1_1_, contactdat1_.work as work9_1_1_ from address_in_groups contacts0_ inner join addressbook contactdat1_ on contacts0_.id=contactdat1_.id where contacts0_.group_id=?
Hibernate: select contacts0_.group_id as group_id2_0_0_, contacts0_.id as id1_0_0_, contactdat1_.id as id1_1_1_, contactdat1_.address as address2_1_1_, contactdat1_.company as company3_1_1_, contactdat1_.email as email4_1_1_, contactdat1_.firstname as firstnam5_1_1_, contactdat1_.home as home6_1_1_, contactdat1_.lastname as lastname7_1_1_, contactdat1_.mobile as mobile8_1_1_, contactdat1_.work as work9_1_1_ from address_in_groups contacts0_ inner join addressbook contactdat1_ on contacts0_.id=contactdat1_.id where contacts0_.group_id=?
Hibernate: select contacts0_.group_id as group_id2_0_0_, contacts0_.id as id1_0_0_, contactdat1_.id as id1_1_1_, contactdat1_.address as address2_1_1_, contactdat1_.company as company3_1_1_, contactdat1_.email as email4_1_1_, contactdat1_.firstname as firstnam5_1_1_, contactdat1_.home as home6_1_1_, contactdat1_.lastname as lastname7_1_1_, contactdat1_.mobile as mobile8_1_1_, contactdat1_.work as work9_1_1_ from address_in_groups contacts0_ inner join addressbook contactdat1_ on contacts0_.id=contactdat1_.id where contacts0_.group_id=?
Hibernate: select contacts0_.group_id as group_id2_0_0_, contacts0_.id as id1_0_0_, contactdat1_.id as id1_1_1_, contactdat1_.address as address2_1_1_, contactdat1_.company as company3_1_1_, contactdat1_.email as email4_1_1_, contactdat1_.firstname as firstnam5_1_1_, contactdat1_.home as home6_1_1_, contactdat1_.lastname as lastname7_1_1_, contactdat1_.mobile as mobile8_1_1_, contactdat1_.work as work9_1_1_ from address_in_groups contacts0_ inner join addressbook contactdat1_ on contacts0_.id=contactdat1_.id where contacts0_.group_id=?
Hibernate: select contacts0_.group_id as group_id2_0_0_, contacts0_.id as id1_0_0_, contactdat1_.id as id1_1_1_, contactdat1_.address as address2_1_1_, contactdat1_.company as company3_1_1_, contactdat1_.email as email4_1_1_, contactdat1_.firstname as firstnam5_1_1_, contactdat1_.home as home6_1_1_, contactdat1_.lastname as lastname7_1_1_, contactdat1_.mobile as mobile8_1_1_, contactdat1_.work as work9_1_1_ from address_in_groups contacts0_ inner join addressbook contactdat1_ on contacts0_.id=contactdat1_.id where contacts0_.group_id=?
Hibernate: select contacts0_.group_id as group_id2_0_0_, contacts0_.id as id1_0_0_, contactdat1_.id as id1_1_1_, contactdat1_.address as address2_1_1_, contactdat1_.company as company3_1_1_, contactdat1_.email as email4_1_1_, contactdat1_.firstname as firstnam5_1_1_, contactdat1_.home as home6_1_1_, contactdat1_.lastname as lastname7_1_1_, contactdat1_.mobile as mobile8_1_1_, contactdat1_.work as work9_1_1_ from address_in_groups contacts0_ inner join addressbook contactdat1_ on contacts0_.id=contactdat1_.id where contacts0_.group_id=?
Hibernate: select contacts0_.group_id as group_id2_0_0_, contacts0_.id as id1_0_0_, contactdat1_.id as id1_1_1_, contactdat1_.address as address2_1_1_, contactdat1_.company as company3_1_1_, contactdat1_.email as email4_1_1_, contactdat1_.firstname as firstnam5_1_1_, contactdat1_.home as home6_1_1_, contactdat1_.lastname as lastname7_1_1_, contactdat1_.mobile as mobile8_1_1_, contactdat1_.work as work9_1_1_ from address_in_groups contacts0_ inner join addressbook contactdat1_ on contacts0_.id=contactdat1_.id where contacts0_.group_id=?
Hibernate: select contacts0_.group_id as group_id2_0_0_, contacts0_.id as id1_0_0_, contactdat1_.id as id1_1_1_, contactdat1_.address as address2_1_1_, contactdat1_.company as company3_1_1_, contactdat1_.email as email4_1_1_, contactdat1_.firstname as firstnam5_1_1_, contactdat1_.home as home6_1_1_, contactdat1_.lastname as lastname7_1_1_, contactdat1_.mobile as mobile8_1_1_, contactdat1_.work as work9_1_1_ from address_in_groups contacts0_ inner join addressbook contactdat1_ on contacts0_.id=contactdat1_.id where contacts0_.group_id=?
Hibernate: select contacts0_.group_id as group_id2_0_0_, contacts0_.id as id1_0_0_, contactdat1_.id as id1_1_1_, contactdat1_.address as address2_1_1_, contactdat1_.company as company3_1_1_, contactdat1_.email as email4_1_1_, contactdat1_.firstname as firstnam5_1_1_, contactdat1_.home as home6_1_1_, contactdat1_.lastname as lastname7_1_1_, contactdat1_.mobile as mobile8_1_1_, contactdat1_.work as work9_1_1_ from address_in_groups contacts0_ inner join addressbook contactdat1_ on contacts0_.id=contactdat1_.id where contacts0_.group_id=?
Hibernate: select contacts0_.group_id as group_id2_0_0_, contacts0_.id as id1_0_0_, contactdat1_.id as id1_1_1_, contactdat1_.address as address2_1_1_, contactdat1_.company as company3_1_1_, contactdat1_.email as email4_1_1_, contactdat1_.firstname as firstnam5_1_1_, contactdat1_.home as home6_1_1_, contactdat1_.lastname as lastname7_1_1_, contactdat1_.mobile as mobile8_1_1_, contactdat1_.work as work9_1_1_ from address_in_groups contacts0_ inner join addressbook contactdat1_ on contacts0_.id=contactdat1_.id where contacts0_.group_id=?
Hibernate: select contacts0_.group_id as group_id2_0_0_, contacts0_.id as id1_0_0_, contactdat1_.id as id1_1_1_, contactdat1_.address as address2_1_1_, contactdat1_.company as company3_1_1_, contactdat1_.email as email4_1_1_, contactdat1_.firstname as firstnam5_1_1_, contactdat1_.home as home6_1_1_, contactdat1_.lastname as lastname7_1_1_, contactdat1_.mobile as mobile8_1_1_, contactdat1_.work as work9_1_1_ from address_in_groups contacts0_ inner join addressbook contactdat1_ on contacts0_.id=contactdat1_.id where contacts0_.group_id=?
Hibernate: select contacts0_.group_id as group_id2_0_0_, contacts0_.id as id1_0_0_, contactdat1_.id as id1_1_1_, contactdat1_.address as address2_1_1_, contactdat1_.company as company3_1_1_, contactdat1_.email as email4_1_1_, contactdat1_.firstname as firstnam5_1_1_, contactdat1_.home as home6_1_1_, contactdat1_.lastname as lastname7_1_1_, contactdat1_.mobile as mobile8_1_1_, contactdat1_.work as work9_1_1_ from address_in_groups contacts0_ inner join addressbook contactdat1_ on contacts0_.id=contactdat1_.id where contacts0_.group_id=?
Hibernate: select contacts0_.group_id as group_id2_0_0_, contacts0_.id as id1_0_0_, contactdat1_.id as id1_1_1_, contactdat1_.address as address2_1_1_, contactdat1_.company as company3_1_1_, contactdat1_.email as email4_1_1_, contactdat1_.firstname as firstnam5_1_1_, contactdat1_.home as home6_1_1_, contactdat1_.lastname as lastname7_1_1_, contactdat1_.mobile as mobile8_1_1_, contactdat1_.work as work9_1_1_ from address_in_groups contacts0_ inner join addressbook contactdat1_ on contacts0_.id=contactdat1_.id where contacts0_.group_id=?
Hibernate: select contacts0_.group_id as group_id2_0_0_, contacts0_.id as id1_0_0_, contactdat1_.id as id1_1_1_, contactdat1_.address as address2_1_1_, contactdat1_.company as company3_1_1_, contactdat1_.email as email4_1_1_, contactdat1_.firstname as firstnam5_1_1_, contactdat1_.home as home6_1_1_, contactdat1_.lastname as lastname7_1_1_, contactdat1_.mobile as mobile8_1_1_, contactdat1_.work as work9_1_1_ from address_in_groups contacts0_ inner join addressbook contactdat1_ on contacts0_.id=contactdat1_.id where contacts0_.group_id=?
Hibernate: select contacts0_.group_id as group_id2_0_0_, contacts0_.id as id1_0_0_, contactdat1_.id as id1_1_1_, contactdat1_.address as address2_1_1_, contactdat1_.company as company3_1_1_, contactdat1_.email as email4_1_1_, contactdat1_.firstname as firstnam5_1_1_, contactdat1_.home as home6_1_1_, contactdat1_.lastname as lastname7_1_1_, contactdat1_.mobile as mobile8_1_1_, contactdat1_.work as work9_1_1_ from address_in_groups contacts0_ inner join addressbook contactdat1_ on contacts0_.id=contactdat1_.id where contacts0_.group_id=?
Hibernate: select contacts0_.group_id as group_id2_0_0_, contacts0_.id as id1_0_0_, contactdat1_.id as id1_1_1_, contactdat1_.address as address2_1_1_, contactdat1_.company as company3_1_1_, contactdat1_.email as email4_1_1_, contactdat1_.firstname as firstnam5_1_1_, contactdat1_.home as home6_1_1_, contactdat1_.lastname as lastname7_1_1_, contactdat1_.mobile as mobile8_1_1_, contactdat1_.work as work9_1_1_ from address_in_groups contacts0_ inner join addressbook contactdat1_ on contacts0_.id=contactdat1_.id where contacts0_.group_id=?
Hibernate: select contacts0_.group_id as group_id2_0_0_, contacts0_.id as id1_0_0_, contactdat1_.id as id1_1_1_, contactdat1_.address as address2_1_1_, contactdat1_.company as company3_1_1_, contactdat1_.email as email4_1_1_, contactdat1_.firstname as firstnam5_1_1_, contactdat1_.home as home6_1_1_, contactdat1_.lastname as lastname7_1_1_, contactdat1_.mobile as mobile8_1_1_, contactdat1_.work as work9_1_1_ from address_in_groups contacts0_ inner join addressbook contactdat1_ on contacts0_.id=contactdat1_.id where contacts0_.group_id=?
Hibernate: select contacts0_.group_id as group_id2_0_0_, contacts0_.id as id1_0_0_, contactdat1_.id as id1_1_1_, contactdat1_.address as address2_1_1_, contactdat1_.company as company3_1_1_, contactdat1_.email as email4_1_1_, contactdat1_.firstname as firstnam5_1_1_, contactdat1_.home as home6_1_1_, contactdat1_.lastname as lastname7_1_1_, contactdat1_.mobile as mobile8_1_1_, contactdat1_.work as work9_1_1_ from address_in_groups contacts0_ inner join addressbook contactdat1_ on contacts0_.id=contactdat1_.id where contacts0_.group_id=?
Hibernate: select contacts0_.group_id as group_id2_0_0_, contacts0_.id as id1_0_0_, contactdat1_.id as id1_1_1_, contactdat1_.address as address2_1_1_, contactdat1_.company as company3_1_1_, contactdat1_.email as email4_1_1_, contactdat1_.firstname as firstnam5_1_1_, contactdat1_.home as home6_1_1_, contactdat1_.lastname as lastname7_1_1_, contactdat1_.mobile as mobile8_1_1_, contactdat1_.work as work9_1_1_ from address_in_groups contacts0_ inner join addressbook contactdat1_ on contacts0_.id=contactdat1_.id where contacts0_.group_id=?
Hibernate: select contacts0_.group_id as group_id2_0_0_, contacts0_.id as id1_0_0_, contactdat1_.id as id1_1_1_, contactdat1_.address as address2_1_1_, contactdat1_.company as company3_1_1_, contactdat1_.email as email4_1_1_, contactdat1_.firstname as firstnam5_1_1_, contactdat1_.home as home6_1_1_, contactdat1_.lastname as lastname7_1_1_, contactdat1_.mobile as mobile8_1_1_, contactdat1_.work as work9_1_1_ from address_in_groups contacts0_ inner join addressbook contactdat1_ on contacts0_.id=contactdat1_.id where contacts0_.group_id=?
Hibernate: select contacts0_.group_id as group_id2_0_0_, contacts0_.id as id1_0_0_, contactdat1_.id as id1_1_1_, contactdat1_.address as address2_1_1_, contactdat1_.company as company3_1_1_, contactdat1_.email as email4_1_1_, contactdat1_.firstname as firstnam5_1_1_, contactdat1_.home as home6_1_1_, contactdat1_.lastname as lastname7_1_1_, contactdat1_.mobile as mobile8_1_1_, contactdat1_.work as work9_1_1_ from address_in_groups contacts0_ inner join addressbook contactdat1_ on contacts0_.id=contactdat1_.id where contacts0_.group_id=?
Hibernate: select contacts0_.group_id as group_id2_0_0_, contacts0_.id as id1_0_0_, contactdat1_.id as id1_1_1_, contactdat1_.address as address2_1_1_, contactdat1_.company as company3_1_1_, contactdat1_.email as email4_1_1_, contactdat1_.firstname as firstnam5_1_1_, contactdat1_.home as home6_1_1_, contactdat1_.lastname as lastname7_1_1_, contactdat1_.mobile as mobile8_1_1_, contactdat1_.work as work9_1_1_ from address_in_groups contacts0_ inner join addressbook contactdat1_ on contacts0_.id=contactdat1_.id where contacts0_.group_id=?
Hibernate: select contacts0_.group_id as group_id2_0_0_, contacts0_.id as id1_0_0_, contactdat1_.id as id1_1_1_, contactdat1_.address as address2_1_1_, contactdat1_.company as company3_1_1_, contactdat1_.email as email4_1_1_, contactdat1_.firstname as firstnam5_1_1_, contactdat1_.home as home6_1_1_, contactdat1_.lastname as lastname7_1_1_, contactdat1_.mobile as mobile8_1_1_, contactdat1_.work as work9_1_1_ from address_in_groups contacts0_ inner join addressbook contactdat1_ on contacts0_.id=contactdat1_.id where contacts0_.group_id=?
Hibernate: select groupdata0_.group_id as group_id1_2_, groupdata0_.group_footer as group_fo2_2_, groupdata0_.group_header as group_he3_2_, groupdata0_.group_name as group_na4_2_ from group_list groupdata0_
Hibernate: select contacts0_.group_id as group_id2_0_0_, contacts0_.id as id1_0_0_, contactdat1_.id as id1_1_1_, contactdat1_.address as address2_1_1_, contactdat1_.company as company3_1_1_, contactdat1_.email as email4_1_1_, contactdat1_.firstname as firstnam5_1_1_, contactdat1_.home as home6_1_1_, contactdat1_.lastname as lastname7_1_1_, contactdat1_.mobile as mobile8_1_1_, contactdat1_.work as work9_1_1_ from address_in_groups contacts0_ inner join addressbook contactdat1_ on contacts0_.id=contactdat1_.id where contacts0_.group_id=?
Hibernate: select contacts0_.group_id as group_id2_0_0_, contacts0_.id as id1_0_0_, contactdat1_.id as id1_1_1_, contactdat1_.address as address2_1_1_, contactdat1_.company as company3_1_1_, contactdat1_.email as email4_1_1_, contactdat1_.firstname as firstnam5_1_1_, contactdat1_.home as home6_1_1_, contactdat1_.lastname as lastname7_1_1_, contactdat1_.mobile as mobile8_1_1_, contactdat1_.work as work9_1_1_ from address_in_groups contacts0_ inner join addressbook contactdat1_ on contacts0_.id=contactdat1_.id where contacts0_.group_id=?
Hibernate: select contacts0_.group_id as group_id2_0_0_, contacts0_.id as id1_0_0_, contactdat1_.id as id1_1_1_, contactdat1_.address as address2_1_1_, contactdat1_.company as company3_1_1_, contactdat1_.email as email4_1_1_, contactdat1_.firstname as firstnam5_1_1_, contactdat1_.home as home6_1_1_, contactdat1_.lastname as lastname7_1_1_, contactdat1_.mobile as mobile8_1_1_, contactdat1_.work as work9_1_1_ from address_in_groups contacts0_ inner join addressbook contactdat1_ on contacts0_.id=contactdat1_.id where contacts0_.group_id=?
Hibernate: select contacts0_.group_id as group_id2_0_0_, contacts0_.id as id1_0_0_, contactdat1_.id as id1_1_1_, contactdat1_.address as address2_1_1_, contactdat1_.company as company3_1_1_, contactdat1_.email as email4_1_1_, contactdat1_.firstname as firstnam5_1_1_, contactdat1_.home as home6_1_1_, contactdat1_.lastname as lastname7_1_1_, contactdat1_.mobile as mobile8_1_1_, contactdat1_.work as work9_1_1_ from address_in_groups contacts0_ inner join addressbook contactdat1_ on contacts0_.id=contactdat1_.id where contacts0_.group_id=?
Hibernate: select contacts0_.group_id as group_id2_0_0_, contacts0_.id as id1_0_0_, contactdat1_.id as id1_1_1_, contactdat1_.address as address2_1_1_, contactdat1_.company as company3_1_1_, contactdat1_.email as email4_1_1_, contactdat1_.firstname as firstnam5_1_1_, contactdat1_.home as home6_1_1_, contactdat1_.lastname as lastname7_1_1_, contactdat1_.mobile as mobile8_1_1_, contactdat1_.work as work9_1_1_ from address_in_groups contacts0_ inner join addressbook contactdat1_ on contacts0_.id=contactdat1_.id where contacts0_.group_id=?
Hibernate: select contacts0_.group_id as group_id2_0_0_, contacts0_.id as id1_0_0_, contactdat1_.id as id1_1_1_, contactdat1_.address as address2_1_1_, contactdat1_.company as company3_1_1_, contactdat1_.email as email4_1_1_, contactdat1_.firstname as firstnam5_1_1_, contactdat1_.home as home6_1_1_, contactdat1_.lastname as lastname7_1_1_, contactdat1_.mobile as mobile8_1_1_, contactdat1_.work as work9_1_1_ from address_in_groups contacts0_ inner join addressbook contactdat1_ on contacts0_.id=contactdat1_.id where contacts0_.group_id=?
Hibernate: select contacts0_.group_id as group_id2_0_0_, contacts0_.id as id1_0_0_, contactdat1_.id as id1_1_1_, contactdat1_.address as address2_1_1_, contactdat1_.company as company3_1_1_, contactdat1_.email as email4_1_1_, contactdat1_.firstname as firstnam5_1_1_, contactdat1_.home as home6_1_1_, contactdat1_.lastname as lastname7_1_1_, contactdat1_.mobile as mobile8_1_1_, contactdat1_.work as work9_1_1_ from address_in_groups contacts0_ inner join addressbook contactdat1_ on contacts0_.id=contactdat1_.id where contacts0_.group_id=?
Hibernate: select contacts0_.group_id as group_id2_0_0_, contacts0_.id as id1_0_0_, contactdat1_.id as id1_1_1_, contactdat1_.address as address2_1_1_, contactdat1_.company as company3_1_1_, contactdat1_.email as email4_1_1_, contactdat1_.firstname as firstnam5_1_1_, contactdat1_.home as home6_1_1_, contactdat1_.lastname as lastname7_1_1_, contactdat1_.mobile as mobile8_1_1_, contactdat1_.work as work9_1_1_ from address_in_groups contacts0_ inner join addressbook contactdat1_ on contacts0_.id=contactdat1_.id where contacts0_.group_id=?
Hibernate: select contacts0_.group_id as group_id2_0_0_, contacts0_.id as id1_0_0_, contactdat1_.id as id1_1_1_, contactdat1_.address as address2_1_1_, contactdat1_.company as company3_1_1_, contactdat1_.email as email4_1_1_, contactdat1_.firstname as firstnam5_1_1_, contactdat1_.home as home6_1_1_, contactdat1_.lastname as lastname7_1_1_, contactdat1_.mobile as mobile8_1_1_, contactdat1_.work as work9_1_1_ from address_in_groups contacts0_ inner join addressbook contactdat1_ on contacts0_.id=contactdat1_.id where contacts0_.group_id=?
Hibernate: select contacts0_.group_id as group_id2_0_0_, contacts0_.id as id1_0_0_, contactdat1_.id as id1_1_1_, contactdat1_.address as address2_1_1_, contactdat1_.company as company3_1_1_, contactdat1_.email as email4_1_1_, contactdat1_.firstname as firstnam5_1_1_, contactdat1_.home as home6_1_1_, contactdat1_.lastname as lastname7_1_1_, contactdat1_.mobile as mobile8_1_1_, contactdat1_.work as work9_1_1_ from address_in_groups contacts0_ inner join addressbook contactdat1_ on contacts0_.id=contactdat1_.id where contacts0_.group_id=?
Hibernate: select contacts0_.group_id as group_id2_0_0_, contacts0_.id as id1_0_0_, contactdat1_.id as id1_1_1_, contactdat1_.address as address2_1_1_, contactdat1_.company as company3_1_1_, contactdat1_.email as email4_1_1_, contactdat1_.firstname as firstnam5_1_1_, contactdat1_.home as home6_1_1_, contactdat1_.lastname as lastname7_1_1_, contactdat1_.mobile as mobile8_1_1_, contactdat1_.work as work9_1_1_ from address_in_groups contacts0_ inner join addressbook contactdat1_ on contacts0_.id=contactdat1_.id where contacts0_.group_id=?
Hibernate: select contacts0_.group_id as group_id2_0_0_, contacts0_.id as id1_0_0_, contactdat1_.id as id1_1_1_, contactdat1_.address as address2_1_1_, contactdat1_.company as company3_1_1_, contactdat1_.email as email4_1_1_, contactdat1_.firstname as firstnam5_1_1_, contactdat1_.home as home6_1_1_, contactdat1_.lastname as lastname7_1_1_, contactdat1_.mobile as mobile8_1_1_, contactdat1_.work as work9_1_1_ from address_in_groups contacts0_ inner join addressbook contactdat1_ on contacts0_.id=contactdat1_.id where contacts0_.group_id=?
Hibernate: select contacts0_.group_id as group_id2_0_0_, contacts0_.id as id1_0_0_, contactdat1_.id as id1_1_1_, contactdat1_.address as address2_1_1_, contactdat1_.company as company3_1_1_, contactdat1_.email as email4_1_1_, contactdat1_.firstname as firstnam5_1_1_, contactdat1_.home as home6_1_1_, contactdat1_.lastname as lastname7_1_1_, contactdat1_.mobile as mobile8_1_1_, contactdat1_.work as work9_1_1_ from address_in_groups contacts0_ inner join addressbook contactdat1_ on contacts0_.id=contactdat1_.id where contacts0_.group_id=?
Hibernate: select contacts0_.group_id as group_id2_0_0_, contacts0_.id as id1_0_0_, contactdat1_.id as id1_1_1_, contactdat1_.address as address2_1_1_, contactdat1_.company as company3_1_1_, contactdat1_.email as email4_1_1_, contactdat1_.firstname as firstnam5_1_1_, contactdat1_.home as home6_1_1_, contactdat1_.lastname as lastname7_1_1_, contactdat1_.mobile as mobile8_1_1_, contactdat1_.work as work9_1_1_ from address_in_groups contacts0_ inner join addressbook contactdat1_ on contacts0_.id=contactdat1_.id where contacts0_.group_id=?
Hibernate: select contacts0_.group_id as group_id2_0_0_, contacts0_.id as id1_0_0_, contactdat1_.id as id1_1_1_, contactdat1_.address as address2_1_1_, contactdat1_.company as company3_1_1_, contactdat1_.email as email4_1_1_, contactdat1_.firstname as firstnam5_1_1_, contactdat1_.home as home6_1_1_, contactdat1_.lastname as lastname7_1_1_, contactdat1_.mobile as mobile8_1_1_, contactdat1_.work as work9_1_1_ from address_in_groups contacts0_ inner join addressbook contactdat1_ on contacts0_.id=contactdat1_.id where contacts0_.group_id=?
Hibernate: select contacts0_.group_id as group_id2_0_0_, contacts0_.id as id1_0_0_, contactdat1_.id as id1_1_1_, contactdat1_.address as address2_1_1_, contactdat1_.company as company3_1_1_, contactdat1_.email as email4_1_1_, contactdat1_.firstname as firstnam5_1_1_, contactdat1_.home as home6_1_1_, contactdat1_.lastname as lastname7_1_1_, contactdat1_.mobile as mobile8_1_1_, contactdat1_.work as work9_1_1_ from address_in_groups contacts0_ inner join addressbook contactdat1_ on contacts0_.id=contactdat1_.id where contacts0_.group_id=?
Hibernate: select contacts0_.group_id as group_id2_0_0_, contacts0_.id as id1_0_0_, contactdat1_.id as id1_1_1_, contactdat1_.address as address2_1_1_, contactdat1_.company as company3_1_1_, contactdat1_.email as email4_1_1_, contactdat1_.firstname as firstnam5_1_1_, contactdat1_.home as home6_1_1_, contactdat1_.lastname as lastname7_1_1_, contactdat1_.mobile as mobile8_1_1_, contactdat1_.work as work9_1_1_ from address_in_groups contacts0_ inner join addressbook contactdat1_ on contacts0_.id=contactdat1_.id where contacts0_.group_id=?
Hibernate: select contacts0_.group_id as group_id2_0_0_, contacts0_.id as id1_0_0_, contactdat1_.id as id1_1_1_, contactdat1_.address as address2_1_1_, contactdat1_.company as company3_1_1_, contactdat1_.email as email4_1_1_, contactdat1_.firstname as firstnam5_1_1_, contactdat1_.home as home6_1_1_, contactdat1_.lastname as lastname7_1_1_, contactdat1_.mobile as mobile8_1_1_, contactdat1_.work as work9_1_1_ from address_in_groups contacts0_ inner join addressbook contactdat1_ on contacts0_.id=contactdat1_.id where contacts0_.group_id=?
Hibernate: select contacts0_.group_id as group_id2_0_0_, contacts0_.id as id1_0_0_, contactdat1_.id as id1_1_1_, contactdat1_.address as address2_1_1_, contactdat1_.company as company3_1_1_, contactdat1_.email as email4_1_1_, contactdat1_.firstname as firstnam5_1_1_, contactdat1_.home as home6_1_1_, contactdat1_.lastname as lastname7_1_1_, contactdat1_.mobile as mobile8_1_1_, contactdat1_.work as work9_1_1_ from address_in_groups contacts0_ inner join addressbook contactdat1_ on contacts0_.id=contactdat1_.id where contacts0_.group_id=?
Hibernate: select contacts0_.group_id as group_id2_0_0_, contacts0_.id as id1_0_0_, contactdat1_.id as id1_1_1_, contactdat1_.address as address2_1_1_, contactdat1_.company as company3_1_1_, contactdat1_.email as email4_1_1_, contactdat1_.firstname as firstnam5_1_1_, contactdat1_.home as home6_1_1_, contactdat1_.lastname as lastname7_1_1_, contactdat1_.mobile as mobile8_1_1_, contactdat1_.work as work9_1_1_ from address_in_groups contacts0_ inner join addressbook contactdat1_ on contacts0_.id=contactdat1_.id where contacts0_.group_id=?
Hibernate: select contacts0_.group_id as group_id2_0_0_, contacts0_.id as id1_0_0_, contactdat1_.id as id1_1_1_, contactdat1_.address as address2_1_1_, contactdat1_.company as company3_1_1_, contactdat1_.email as email4_1_1_, contactdat1_.firstname as firstnam5_1_1_, contactdat1_.home as home6_1_1_, contactdat1_.lastname as lastname7_1_1_, contactdat1_.mobile as mobile8_1_1_, contactdat1_.work as work9_1_1_ from address_in_groups contacts0_ inner join addressbook contactdat1_ on contacts0_.id=contactdat1_.id where contacts0_.group_id=?
Hibernate: select contacts0_.group_id as group_id2_0_0_, contacts0_.id as id1_0_0_, contactdat1_.id as id1_1_1_, contactdat1_.address as address2_1_1_, contactdat1_.company as company3_1_1_, contactdat1_.email as email4_1_1_, contactdat1_.firstname as firstnam5_1_1_, contactdat1_.home as home6_1_1_, contactdat1_.lastname as lastname7_1_1_, contactdat1_.mobile as mobile8_1_1_, contactdat1_.work as work9_1_1_ from address_in_groups contacts0_ inner join addressbook contactdat1_ on contacts0_.id=contactdat1_.id where contacts0_.group_id=?
Hibernate: select contacts0_.group_id as group_id2_0_0_, contacts0_.id as id1_0_0_, contactdat1_.id as id1_1_1_, contactdat1_.address as address2_1_1_, contactdat1_.company as company3_1_1_, contactdat1_.email as email4_1_1_, contactdat1_.firstname as firstnam5_1_1_, contactdat1_.home as home6_1_1_, contactdat1_.lastname as lastname7_1_1_, contactdat1_.mobile as mobile8_1_1_, contactdat1_.work as work9_1_1_ from address_in_groups contacts0_ inner join addressbook contactdat1_ on contacts0_.id=contactdat1_.id where contacts0_.group_id=?
Hibernate: select contacts0_.group_id as group_id2_0_0_, contacts0_.id as id1_0_0_, contactdat1_.id as id1_1_1_, contactdat1_.address as address2_1_1_, contactdat1_.company as company3_1_1_, contactdat1_.email as email4_1_1_, contactdat1_.firstname as firstnam5_1_1_, contactdat1_.home as home6_1_1_, contactdat1_.lastname as lastname7_1_1_, contactdat1_.mobile as mobile8_1_1_, contactdat1_.work as work9_1_1_ from address_in_groups contacts0_ inner join addressbook contactdat1_ on contacts0_.id=contactdat1_.id where contacts0_.group_id=?
Hibernate: select contacts0_.group_id as group_id2_0_0_, contacts0_.id as id1_0_0_, contactdat1_.id as id1_1_1_, contactdat1_.address as address2_1_1_, contactdat1_.company as company3_1_1_, contactdat1_.email as email4_1_1_, contactdat1_.firstname as firstnam5_1_1_, contactdat1_.home as home6_1_1_, contactdat1_.lastname as lastname7_1_1_, contactdat1_.mobile as mobile8_1_1_, contactdat1_.work as work9_1_1_ from address_in_groups contacts0_ inner join addressbook contactdat1_ on contacts0_.id=contactdat1_.id where contacts0_.group_id=?
Hibernate: select contacts0_.group_id as group_id2_0_0_, contacts0_.id as id1_0_0_, contactdat1_.id as id1_1_1_, contactdat1_.address as address2_1_1_, contactdat1_.company as company3_1_1_, contactdat1_.email as email4_1_1_, contactdat1_.firstname as firstnam5_1_1_, contactdat1_.home as home6_1_1_, contactdat1_.lastname as lastname7_1_1_, contactdat1_.mobile as mobile8_1_1_, contactdat1_.work as work9_1_1_ from address_in_groups contacts0_ inner join addressbook contactdat1_ on contacts0_.id=contactdat1_.id where contacts0_.group_id=?
Hibernate: select contacts0_.group_id as group_id2_0_0_, contacts0_.id as id1_0_0_, contactdat1_.id as id1_1_1_, contactdat1_.address as address2_1_1_, contactdat1_.company as company3_1_1_, contactdat1_.email as email4_1_1_, contactdat1_.firstname as firstnam5_1_1_, contactdat1_.home as home6_1_1_, contactdat1_.lastname as lastname7_1_1_, contactdat1_.mobile as mobile8_1_1_, contactdat1_.work as work9_1_1_ from address_in_groups contacts0_ inner join addressbook contactdat1_ on contacts0_.id=contactdat1_.id where contacts0_.group_id=?
Hibernate: select contacts0_.group_id as group_id2_0_0_, contacts0_.id as id1_0_0_, contactdat1_.id as id1_1_1_, contactdat1_.address as address2_1_1_, contactdat1_.company as company3_1_1_, contactdat1_.email as email4_1_1_, contactdat1_.firstname as firstnam5_1_1_, contactdat1_.home as home6_1_1_, contactdat1_.lastname as lastname7_1_1_, contactdat1_.mobile as mobile8_1_1_, contactdat1_.work as work9_1_1_ from address_in_groups contacts0_ inner join addressbook contactdat1_ on contacts0_.id=contactdat1_.id where contacts0_.group_id=?
Hibernate: select contacts0_.group_id as group_id2_0_0_, contacts0_.id as id1_0_0_, contactdat1_.id as id1_1_1_, contactdat1_.address as address2_1_1_, contactdat1_.company as company3_1_1_, contactdat1_.email as email4_1_1_, contactdat1_.firstname as firstnam5_1_1_, contactdat1_.home as home6_1_1_, contactdat1_.lastname as lastname7_1_1_, contactdat1_.mobile as mobile8_1_1_, contactdat1_.work as work9_1_1_ from address_in_groups contacts0_ inner join addressbook contactdat1_ on contacts0_.id=contactdat1_.id where contacts0_.group_id=?
Hibernate: select contacts0_.group_id as group_id2_0_0_, contacts0_.id as id1_0_0_, contactdat1_.id as id1_1_1_, contactdat1_.address as address2_1_1_, contactdat1_.company as company3_1_1_, contactdat1_.email as email4_1_1_, contactdat1_.firstname as firstnam5_1_1_, contactdat1_.home as home6_1_1_, contactdat1_.lastname as lastname7_1_1_, contactdat1_.mobile as mobile8_1_1_, contactdat1_.work as work9_1_1_ from address_in_groups contacts0_ inner join addressbook contactdat1_ on contacts0_.id=contactdat1_.id where contacts0_.group_id=?
Hibernate: select groupdata0_.group_id as group_id1_2_, groupdata0_.group_footer as group_fo2_2_, groupdata0_.group_header as group_he3_2_, groupdata0_.group_name as group_na4_2_ from group_list groupdata0_
Hibernate: select contacts0_.group_id as group_id2_0_0_, contacts0_.id as id1_0_0_, contactdat1_.id as id1_1_1_, contactdat1_.address as address2_1_1_, contactdat1_.company as company3_1_1_, contactdat1_.email as email4_1_1_, contactdat1_.firstname as firstnam5_1_1_, contactdat1_.home as home6_1_1_, contactdat1_.lastname as lastname7_1_1_, contactdat1_.mobile as mobile8_1_1_, contactdat1_.work as work9_1_1_ from address_in_groups contacts0_ inner join addressbook contactdat1_ on contacts0_.id=contactdat1_.id where contacts0_.group_id=?
Hibernate: select contacts0_.group_id as group_id2_0_0_, contacts0_.id as id1_0_0_, contactdat1_.id as id1_1_1_, contactdat1_.address as address2_1_1_, contactdat1_.company as company3_1_1_, contactdat1_.email as email4_1_1_, contactdat1_.firstname as firstnam5_1_1_, contactdat1_.home as home6_1_1_, contactdat1_.lastname as lastname7_1_1_, contactdat1_.mobile as mobile8_1_1_, contactdat1_.work as work9_1_1_ from address_in_groups contacts0_ inner join addressbook contactdat1_ on contacts0_.id=contactdat1_.id where contacts0_.group_id=?
Hibernate: select contacts0_.group_id as group_id2_0_0_, contacts0_.id as id1_0_0_, contactdat1_.id as id1_1_1_, contactdat1_.address as address2_1_1_, contactdat1_.company as company3_1_1_, contactdat1_.email as email4_1_1_, contactdat1_.firstname as firstnam5_1_1_, contactdat1_.home as home6_1_1_, contactdat1_.lastname as lastname7_1_1_, contactdat1_.mobile as mobile8_1_1_, contactdat1_.work as work9_1_1_ from address_in_groups contacts0_ inner join addressbook contactdat1_ on contacts0_.id=contactdat1_.id where contacts0_.group_id=?
Hibernate: select contacts0_.group_id as group_id2_0_0_, contacts0_.id as id1_0_0_, contactdat1_.id as id1_1_1_, contactdat1_.address as address2_1_1_, contactdat1_.company as company3_1_1_, contactdat1_.email as email4_1_1_, contactdat1_.firstname as firstnam5_1_1_, contactdat1_.home as home6_1_1_, contactdat1_.lastname as lastname7_1_1_, contactdat1_.mobile as mobile8_1_1_, contactdat1_.work as work9_1_1_ from address_in_groups contacts0_ inner join addressbook contactdat1_ on contacts0_.id=contactdat1_.id where contacts0_.group_id=?
Hibernate: select contacts0_.group_id as group_id2_0_0_, contacts0_.id as id1_0_0_, contactdat1_.id as id1_1_1_, contactdat1_.address as address2_1_1_, contactdat1_.company as company3_1_1_, contactdat1_.email as email4_1_1_, contactdat1_.firstname as firstnam5_1_1_, contactdat1_.home as home6_1_1_, contactdat1_.lastname as lastname7_1_1_, contactdat1_.mobile as mobile8_1_1_, contactdat1_.work as work9_1_1_ from address_in_groups contacts0_ inner join addressbook contactdat1_ on contacts0_.id=contactdat1_.id where contacts0_.group_id=?
Hibernate: select contacts0_.group_id as group_id2_0_0_, contacts0_.id as id1_0_0_, contactdat1_.id as id1_1_1_, contactdat1_.address as address2_1_1_, contactdat1_.company as company3_1_1_, contactdat1_.email as email4_1_1_, contactdat1_.firstname as firstnam5_1_1_, contactdat1_.home as home6_1_1_, contactdat1_.lastname as lastname7_1_1_, contactdat1_.mobile as mobile8_1_1_, contactdat1_.work as work9_1_1_ from address_in_groups contacts0_ inner join addressbook contactdat1_ on contacts0_.id=contactdat1_.id where contacts0_.group_id=?
Hibernate: select contacts0_.group_id as group_id2_0_0_, contacts0_.id as id1_0_0_, contactdat1_.id as id1_1_1_, contactdat1_.address as address2_1_1_, contactdat1_.company as company3_1_1_, contactdat1_.email as email4_1_1_, contactdat1_.firstname as firstnam5_1_1_, contactdat1_.home as home6_1_1_, contactdat1_.lastname as lastname7_1_1_, contactdat1_.mobile as mobile8_1_1_, contactdat1_.work as work9_1_1_ from address_in_groups contacts0_ inner join addressbook contactdat1_ on contacts0_.id=contactdat1_.id where contacts0_.group_id=?
Hibernate: select contacts0_.group_id as group_id2_0_0_, contacts0_.id as id1_0_0_, contactdat1_.id as id1_1_1_, contactdat1_.address as address2_1_1_, contactdat1_.company as company3_1_1_, contactdat1_.email as email4_1_1_, contactdat1_.firstname as firstnam5_1_1_, contactdat1_.home as home6_1_1_, contactdat1_.lastname as lastname7_1_1_, contactdat1_.mobile as mobile8_1_1_, contactdat1_.work as work9_1_1_ from address_in_groups contacts0_ inner join addressbook contactdat1_ on contacts0_.id=contactdat1_.id where contacts0_.group_id=?
Hibernate: select contacts0_.group_id as group_id2_0_0_, contacts0_.id as id1_0_0_, contactdat1_.id as id1_1_1_, contactdat1_.address as address2_1_1_, contactdat1_.company as company3_1_1_, contactdat1_.email as email4_1_1_, contactdat1_.firstname as firstnam5_1_1_, contactdat1_.home as home6_1_1_, contactdat1_.lastname as lastname7_1_1_, contactdat1_.mobile as mobile8_1_1_, contactdat1_.work as work9_1_1_ from address_in_groups contacts0_ inner join addressbook contactdat1_ on contacts0_.id=contactdat1_.id where contacts0_.group_id=?
Hibernate: select contacts0_.group_id as group_id2_0_0_, contacts0_.id as id1_0_0_, contactdat1_.id as id1_1_1_, contactdat1_.address as address2_1_1_, contactdat1_.company as company3_1_1_, contactdat1_.email as email4_1_1_, contactdat1_.firstname as firstnam5_1_1_, contactdat1_.home as home6_1_1_, contactdat1_.lastname as lastname7_1_1_, contactdat1_.mobile as mobile8_1_1_, contactdat1_.work as work9_1_1_ from address_in_groups contacts0_ inner join addressbook contactdat1_ on contacts0_.id=contactdat1_.id where contacts0_.group_id=?
Hibernate: select contacts0_.group_id as group_id2_0_0_, contacts0_.id as id1_0_0_, contactdat1_.id as id1_1_1_, contactdat1_.address as address2_1_1_, contactdat1_.company as company3_1_1_, contactdat1_.email as email4_1_1_, contactdat1_.firstname as firstnam5_1_1_, contactdat1_.home as home6_1_1_, contactdat1_.lastname as lastname7_1_1_, contactdat1_.mobile as mobile8_1_1_, contactdat1_.work as work9_1_1_ from address_in_groups contacts0_ inner join addressbook contactdat1_ on contacts0_.id=contactdat1_.id where contacts0_.group_id=?
Hibernate: select contacts0_.group_id as group_id2_0_0_, contacts0_.id as id1_0_0_, contactdat1_.id as id1_1_1_, contactdat1_.address as address2_1_1_, contactdat1_.company as company3_1_1_, contactdat1_.email as email4_1_1_, contactdat1_.firstname as firstnam5_1_1_, contactdat1_.home as home6_1_1_, contactdat1_.lastname as lastname7_1_1_, contactdat1_.mobile as mobile8_1_1_, contactdat1_.work as work9_1_1_ from address_in_groups contacts0_ inner join addressbook contactdat1_ on contacts0_.id=contactdat1_.id where contacts0_.group_id=?
Hibernate: select contacts0_.group_id as group_id2_0_0_, contacts0_.id as id1_0_0_, contactdat1_.id as id1_1_1_, contactdat1_.address as address2_1_1_, contactdat1_.company as company3_1_1_, contactdat1_.email as email4_1_1_, contactdat1_.firstname as firstnam5_1_1_, contactdat1_.home as home6_1_1_, contactdat1_.lastname as lastname7_1_1_, contactdat1_.mobile as mobile8_1_1_, contactdat1_.work as work9_1_1_ from address_in_groups contacts0_ inner join addressbook contactdat1_ on contacts0_.id=contactdat1_.id where contacts0_.group_id=?
Hibernate: select contacts0_.group_id as group_id2_0_0_, contacts0_.id as id1_0_0_, contactdat1_.id as id1_1_1_, contactdat1_.address as address2_1_1_, contactdat1_.company as company3_1_1_, contactdat1_.email as email4_1_1_, contactdat1_.firstname as firstnam5_1_1_, contactdat1_.home as home6_1_1_, contactdat1_.lastname as lastname7_1_1_, contactdat1_.mobile as mobile8_1_1_, contactdat1_.work as work9_1_1_ from address_in_groups contacts0_ inner join addressbook contactdat1_ on contacts0_.id=contactdat1_.id where contacts0_.group_id=?
Hibernate: select contacts0_.group_id as group_id2_0_0_, contacts0_.id as id1_0_0_, contactdat1_.id as id1_1_1_, contactdat1_.address as address2_1_1_, contactdat1_.company as company3_1_1_, contactdat1_.email as email4_1_1_, contactdat1_.firstname as firstnam5_1_1_, contactdat1_.home as home6_1_1_, contactdat1_.lastname as lastname7_1_1_, contactdat1_.mobile as mobile8_1_1_, contactdat1_.work as work9_1_1_ from address_in_groups contacts0_ inner join addressbook contactdat1_ on contacts0_.id=contactdat1_.id where contacts0_.group_id=?
Hibernate: select contacts0_.group_id as group_id2_0_0_, contacts0_.id as id1_0_0_, contactdat1_.id as id1_1_1_, contactdat1_.address as address2_1_1_, contactdat1_.company as company3_1_1_, contactdat1_.email as email4_1_1_, contactdat1_.firstname as firstnam5_1_1_, contactdat1_.home as home6_1_1_, contactdat1_.lastname as lastname7_1_1_, contactdat1_.mobile as mobile8_1_1_, contactdat1_.work as work9_1_1_ from address_in_groups contacts0_ inner join addressbook contactdat1_ on contacts0_.id=contactdat1_.id where contacts0_.group_id=?
Hibernate: select contacts0_.group_id as group_id2_0_0_, contacts0_.id as id1_0_0_, contactdat1_.id as id1_1_1_, contactdat1_.address as address2_1_1_, contactdat1_.company as company3_1_1_, contactdat1_.email as email4_1_1_, contactdat1_.firstname as firstnam5_1_1_, contactdat1_.home as home6_1_1_, contactdat1_.lastname as lastname7_1_1_, contactdat1_.mobile as mobile8_1_1_, contactdat1_.work as work9_1_1_ from address_in_groups contacts0_ inner join addressbook contactdat1_ on contacts0_.id=contactdat1_.id where contacts0_.group_id=?
Hibernate: select contacts0_.group_id as group_id2_0_0_, contacts0_.id as id1_0_0_, contactdat1_.id as id1_1_1_, contactdat1_.address as address2_1_1_, contactdat1_.company as company3_1_1_, contactdat1_.email as email4_1_1_, contactdat1_.firstname as firstnam5_1_1_, contactdat1_.home as home6_1_1_, contactdat1_.lastname as lastname7_1_1_, contactdat1_.mobile as mobile8_1_1_, contactdat1_.work as work9_1_1_ from address_in_groups contacts0_ inner join addressbook contactdat1_ on contacts0_.id=contactdat1_.id where contacts0_.group_id=?
Hibernate: select contacts0_.group_id as group_id2_0_0_, contacts0_.id as id1_0_0_, contactdat1_.id as id1_1_1_, contactdat1_.address as address2_1_1_, contactdat1_.company as company3_1_1_, contactdat1_.email as email4_1_1_, contactdat1_.firstname as firstnam5_1_1_, contactdat1_.home as home6_1_1_, contactdat1_.lastname as lastname7_1_1_, contactdat1_.mobile as mobile8_1_1_, contactdat1_.work as work9_1_1_ from address_in_groups contacts0_ inner join addressbook contactdat1_ on contacts0_.id=contactdat1_.id where contacts0_.group_id=?
Hibernate: select contacts0_.group_id as group_id2_0_0_, contacts0_.id as id1_0_0_, contactdat1_.id as id1_1_1_, contactdat1_.address as address2_1_1_, contactdat1_.company as company3_1_1_, contactdat1_.email as email4_1_1_, contactdat1_.firstname as firstnam5_1_1_, contactdat1_.home as home6_1_1_, contactdat1_.lastname as lastname7_1_1_, contactdat1_.mobile as mobile8_1_1_, contactdat1_.work as work9_1_1_ from address_in_groups contacts0_ inner join addressbook contactdat1_ on contacts0_.id=contactdat1_.id where contacts0_.group_id=?
Hibernate: select contacts0_.group_id as group_id2_0_0_, contacts0_.id as id1_0_0_, contactdat1_.id as id1_1_1_, contactdat1_.address as address2_1_1_, contactdat1_.company as company3_1_1_, contactdat1_.email as email4_1_1_, contactdat1_.firstname as firstnam5_1_1_, contactdat1_.home as home6_1_1_, contactdat1_.lastname as lastname7_1_1_, contactdat1_.mobile as mobile8_1_1_, contactdat1_.work as work9_1_1_ from address_in_groups contacts0_ inner join addressbook contactdat1_ on contacts0_.id=contactdat1_.id where contacts0_.group_id=?
Hibernate: select contacts0_.group_id as group_id2_0_0_, contacts0_.id as id1_0_0_, contactdat1_.id as id1_1_1_, contactdat1_.address as address2_1_1_, contactdat1_.company as company3_1_1_, contactdat1_.email as email4_1_1_, contactdat1_.firstname as firstnam5_1_1_, contactdat1_.home as home6_1_1_, contactdat1_.lastname as lastname7_1_1_, contactdat1_.mobile as mobile8_1_1_, contactdat1_.work as work9_1_1_ from address_in_groups contacts0_ inner join addressbook contactdat1_ on contacts0_.id=contactdat1_.id where contacts0_.group_id=?
Hibernate: select contacts0_.group_id as group_id2_0_0_, contacts0_.id as id1_0_0_, contactdat1_.id as id1_1_1_, contactdat1_.address as address2_1_1_, contactdat1_.company as company3_1_1_, contactdat1_.email as email4_1_1_, contactdat1_.firstname as firstnam5_1_1_, contactdat1_.home as home6_1_1_, contactdat1_.lastname as lastname7_1_1_, contactdat1_.mobile as mobile8_1_1_, contactdat1_.work as work9_1_1_ from address_in_groups contacts0_ inner join addressbook contactdat1_ on contacts0_.id=contactdat1_.id where contacts0_.group_id=?
Hibernate: select contacts0_.group_id as group_id2_0_0_, contacts0_.id as id1_0_0_, contactdat1_.id as id1_1_1_, contactdat1_.address as address2_1_1_, contactdat1_.company as company3_1_1_, contactdat1_.email as email4_1_1_, contactdat1_.firstname as firstnam5_1_1_, contactdat1_.home as home6_1_1_, contactdat1_.lastname as lastname7_1_1_, contactdat1_.mobile as mobile8_1_1_, contactdat1_.work as work9_1_1_ from address_in_groups contacts0_ inner join addressbook contactdat1_ on contacts0_.id=contactdat1_.id where contacts0_.group_id=?
Hibernate: select contacts0_.group_id as group_id2_0_0_, contacts0_.id as id1_0_0_, contactdat1_.id as id1_1_1_, contactdat1_.address as address2_1_1_, contactdat1_.company as company3_1_1_, contactdat1_.email as email4_1_1_, contactdat1_.firstname as firstnam5_1_1_, contactdat1_.home as home6_1_1_, contactdat1_.lastname as lastname7_1_1_, contactdat1_.mobile as mobile8_1_1_, contactdat1_.work as work9_1_1_ from address_in_groups contacts0_ inner join addressbook contactdat1_ on contacts0_.id=contactdat1_.id where contacts0_.group_id=?
Hibernate: select contacts0_.group_id as group_id2_0_0_, contacts0_.id as id1_0_0_, contactdat1_.id as id1_1_1_, contactdat1_.address as address2_1_1_, contactdat1_.company as company3_1_1_, contactdat1_.email as email4_1_1_, contactdat1_.firstname as firstnam5_1_1_, contactdat1_.home as home6_1_1_, contactdat1_.lastname as lastname7_1_1_, contactdat1_.mobile as mobile8_1_1_, contactdat1_.work as work9_1_1_ from address_in_groups contacts0_ inner join addressbook contactdat1_ on contacts0_.id=contactdat1_.id where contacts0_.group_id=?
Hibernate: select contacts0_.group_id as group_id2_0_0_, contacts0_.id as id1_0_0_, contactdat1_.id as id1_1_1_, contactdat1_.address as address2_1_1_, contactdat1_.company as company3_1_1_, contactdat1_.email as email4_1_1_, contactdat1_.firstname as firstnam5_1_1_, contactdat1_.home as home6_1_1_, contactdat1_.lastname as lastname7_1_1_, contactdat1_.mobile as mobile8_1_1_, contactdat1_.work as work9_1_1_ from address_in_groups contacts0_ inner join addressbook contactdat1_ on contacts0_.id=contactdat1_.id where contacts0_.group_id=?
Hibernate: select contacts0_.group_id as group_id2_0_0_, contacts0_.id as id1_0_0_, contactdat1_.id as id1_1_1_, contactdat1_.address as address2_1_1_, contactdat1_.company as company3_1_1_, contactdat1_.email as email4_1_1_, contactdat1_.firstname as firstnam5_1_1_, contactdat1_.home as home6_1_1_, contactdat1_.lastname as lastname7_1_1_, contactdat1_.mobile as mobile8_1_1_, contactdat1_.work as work9_1_1_ from address_in_groups contacts0_ inner join addressbook contactdat1_ on contacts0_.id=contactdat1_.id where contacts0_.group_id=?
Hibernate: select contacts0_.group_id as group_id2_0_0_, contacts0_.id as id1_0_0_, contactdat1_.id as id1_1_1_, contactdat1_.address as address2_1_1_, contactdat1_.company as company3_1_1_, contactdat1_.email as email4_1_1_, contactdat1_.firstname as firstnam5_1_1_, contactdat1_.home as home6_1_1_, contactdat1_.lastname as lastname7_1_1_, contactdat1_.mobile as mobile8_1_1_, contactdat1_.work as work9_1_1_ from address_in_groups contacts0_ inner join addressbook contactdat1_ on contacts0_.id=contactdat1_.id where contacts0_.group_id=?
Hibernate: select contacts0_.group_id as group_id2_0_0_, contacts0_.id as id1_0_0_, contactdat1_.id as id1_1_1_, contactdat1_.address as address2_1_1_, contactdat1_.company as company3_1_1_, contactdat1_.email as email4_1_1_, contactdat1_.firstname as firstnam5_1_1_, contactdat1_.home as home6_1_1_, contactdat1_.lastname as lastname7_1_1_, contactdat1_.mobile as mobile8_1_1_, contactdat1_.work as work9_1_1_ from address_in_groups contacts0_ inner join addressbook contactdat1_ on contacts0_.id=contactdat1_.id where contacts0_.group_id=?
Hibernate: select contacts0_.group_id as group_id2_0_0_, contacts0_.id as id1_0_0_, contactdat1_.id as id1_1_1_, contactdat1_.address as address2_1_1_, contactdat1_.company as company3_1_1_, contactdat1_.email as email4_1_1_, contactdat1_.firstname as firstnam5_1_1_, contactdat1_.home as home6_1_1_, contactdat1_.lastname as lastname7_1_1_, contactdat1_.mobile as mobile8_1_1_, contactdat1_.work as work9_1_1_ from address_in_groups contacts0_ inner join addressbook contactdat1_ on contacts0_.id=contactdat1_.id where contacts0_.group_id=?
Hibernate: select groupdata0_.group_id as group_id1_2_, groupdata0_.group_footer as group_fo2_2_, groupdata0_.group_header as group_he3_2_, groupdata0_.group_name as group_na4_2_ from group_list groupdata0_
Hibernate: select contacts0_.group_id as group_id2_0_0_, contacts0_.id as id1_0_0_, contactdat1_.id as id1_1_1_, contactdat1_.address as address2_1_1_, contactdat1_.company as company3_1_1_, contactdat1_.email as email4_1_1_, contactdat1_.firstname as firstnam5_1_1_, contactdat1_.home as home6_1_1_, contactdat1_.lastname as lastname7_1_1_, contactdat1_.mobile as mobile8_1_1_, contactdat1_.work as work9_1_1_ from address_in_groups contacts0_ inner join addressbook contactdat1_ on contacts0_.id=contactdat1_.id where contacts0_.group_id=?
Hibernate: select contacts0_.group_id as group_id2_0_0_, contacts0_.id as id1_0_0_, contactdat1_.id as id1_1_1_, contactdat1_.address as address2_1_1_, contactdat1_.company as company3_1_1_, contactdat1_.email as email4_1_1_, contactdat1_.firstname as firstnam5_1_1_, contactdat1_.home as home6_1_1_, contactdat1_.lastname as lastname7_1_1_, contactdat1_.mobile as mobile8_1_1_, contactdat1_.work as work9_1_1_ from address_in_groups contacts0_ inner join addressbook contactdat1_ on contacts0_.id=contactdat1_.id where contacts0_.group_id=?
Hibernate: select contacts0_.group_id as group_id2_0_0_, contacts0_.id as id1_0_0_, contactdat1_.id as id1_1_1_, contactdat1_.address as address2_1_1_, contactdat1_.company as company3_1_1_, contactdat1_.email as email4_1_1_, contactdat1_.firstname as firstnam5_1_1_, contactdat1_.home as home6_1_1_, contactdat1_.lastname as lastname7_1_1_, contactdat1_.mobile as mobile8_1_1_, contactdat1_.work as work9_1_1_ from address_in_groups contacts0_ inner join addressbook contactdat1_ on contacts0_.id=contactdat1_.id where contacts0_.group_id=?
Hibernate: select contacts0_.group_id as group_id2_0_0_, contacts0_.id as id1_0_0_, contactdat1_.id as id1_1_1_, contactdat1_.address as address2_1_1_, contactdat1_.company as company3_1_1_, contactdat1_.email as email4_1_1_, contactdat1_.firstname as firstnam5_1_1_, contactdat1_.home as home6_1_1_, contactdat1_.lastname as lastname7_1_1_, contactdat1_.mobile as mobile8_1_1_, contactdat1_.work as work9_1_1_ from address_in_groups contacts0_ inner join addressbook contactdat1_ on contacts0_.id=contactdat1_.id where contacts0_.group_id=?
Hibernate: select contacts0_.group_id as group_id2_0_0_, contacts0_.id as id1_0_0_, contactdat1_.id as id1_1_1_, contactdat1_.address as address2_1_1_, contactdat1_.company as company3_1_1_, contactdat1_.email as email4_1_1_, contactdat1_.firstname as firstnam5_1_1_, contactdat1_.home as home6_1_1_, contactdat1_.lastname as lastname7_1_1_, contactdat1_.mobile as mobile8_1_1_, contactdat1_.work as work9_1_1_ from address_in_groups contacts0_ inner join addressbook contactdat1_ on contacts0_.id=contactdat1_.id where contacts0_.group_id=?
Hibernate: select contacts0_.group_id as group_id2_0_0_, contacts0_.id as id1_0_0_, contactdat1_.id as id1_1_1_, contactdat1_.address as address2_1_1_, contactdat1_.company as company3_1_1_, contactdat1_.email as email4_1_1_, contactdat1_.firstname as firstnam5_1_1_, contactdat1_.home as home6_1_1_, contactdat1_.lastname as lastname7_1_1_, contactdat1_.mobile as mobile8_1_1_, contactdat1_.work as work9_1_1_ from address_in_groups contacts0_ inner join addressbook contactdat1_ on contacts0_.id=contactdat1_.id where contacts0_.group_id=?
Hibernate: select contacts0_.group_id as group_id2_0_0_, contacts0_.id as id1_0_0_, contactdat1_.id as id1_1_1_, contactdat1_.address as address2_1_1_, contactdat1_.company as company3_1_1_, contactdat1_.email as email4_1_1_, contactdat1_.firstname as firstnam5_1_1_, contactdat1_.home as home6_1_1_, contactdat1_.lastname as lastname7_1_1_, contactdat1_.mobile as mobile8_1_1_, contactdat1_.work as work9_1_1_ from address_in_groups contacts0_ inner join addressbook contactdat1_ on contacts0_.id=contactdat1_.id where contacts0_.group_id=?
Hibernate: select contacts0_.group_id as group_id2_0_0_, contacts0_.id as id1_0_0_, contactdat1_.id as id1_1_1_, contactdat1_.address as address2_1_1_, contactdat1_.company as company3_1_1_, contactdat1_.email as email4_1_1_, contactdat1_.firstname as firstnam5_1_1_, contactdat1_.home as home6_1_1_, contactdat1_.lastname as lastname7_1_1_, contactdat1_.mobile as mobile8_1_1_, contactdat1_.work as work9_1_1_ from address_in_groups contacts0_ inner join addressbook contactdat1_ on contacts0_.id=contactdat1_.id where contacts0_.group_id=?
Hibernate: select contacts0_.group_id as group_id2_0_0_, contacts0_.id as id1_0_0_, contactdat1_.id as id1_1_1_, contactdat1_.address as address2_1_1_, contactdat1_.company as company3_1_1_, contactdat1_.email as email4_1_1_, contactdat1_.firstname as firstnam5_1_1_, contactdat1_.home as home6_1_1_, contactdat1_.lastname as lastname7_1_1_, contactdat1_.mobile as mobile8_1_1_, contactdat1_.work as work9_1_1_ from address_in_groups contacts0_ inner join addressbook contactdat1_ on contacts0_.id=contactdat1_.id where contacts0_.group_id=?
Hibernate: select contacts0_.group_id as group_id2_0_0_, contacts0_.id as id1_0_0_, contactdat1_.id as id1_1_1_, contactdat1_.address as address2_1_1_, contactdat1_.company as company3_1_1_, contactdat1_.email as email4_1_1_, contactdat1_.firstname as firstnam5_1_1_, contactdat1_.home as home6_1_1_, contactdat1_.lastname as lastname7_1_1_, contactdat1_.mobile as mobile8_1_1_, contactdat1_.work as work9_1_1_ from address_in_groups contacts0_ inner join addressbook contactdat1_ on contacts0_.id=contactdat1_.id where contacts0_.group_id=?
Hibernate: select contacts0_.group_id as group_id2_0_0_, contacts0_.id as id1_0_0_, contactdat1_.id as id1_1_1_, contactdat1_.address as address2_1_1_, contactdat1_.company as company3_1_1_, contactdat1_.email as email4_1_1_, contactdat1_.firstname as firstnam5_1_1_, contactdat1_.home as home6_1_1_, contactdat1_.lastname as lastname7_1_1_, contactdat1_.mobile as mobile8_1_1_, contactdat1_.work as work9_1_1_ from address_in_groups contacts0_ inner join addressbook contactdat1_ on contacts0_.id=contactdat1_.id where contacts0_.group_id=?
Hibernate: select contacts0_.group_id as group_id2_0_0_, contacts0_.id as id1_0_0_, contactdat1_.id as id1_1_1_, contactdat1_.address as address2_1_1_, contactdat1_.company as company3_1_1_, contactdat1_.email as email4_1_1_, contactdat1_.firstname as firstnam5_1_1_, contactdat1_.home as home6_1_1_, contactdat1_.lastname as lastname7_1_1_, contactdat1_.mobile as mobile8_1_1_, contactdat1_.work as work9_1_1_ from address_in_groups contacts0_ inner join addressbook contactdat1_ on contacts0_.id=contactdat1_.id where contacts0_.group_id=?
Hibernate: select contacts0_.group_id as group_id2_0_0_, contacts0_.id as id1_0_0_, contactdat1_.id as id1_1_1_, contactdat1_.address as address2_1_1_, contactdat1_.company as company3_1_1_, contactdat1_.email as email4_1_1_, contactdat1_.firstname as firstnam5_1_1_, contactdat1_.home as home6_1_1_, contactdat1_.lastname as lastname7_1_1_, contactdat1_.mobile as mobile8_1_1_, contactdat1_.work as work9_1_1_ from address_in_groups contacts0_ inner join addressbook contactdat1_ on contacts0_.id=contactdat1_.id where contacts0_.group_id=?
Hibernate: select contacts0_.group_id as group_id2_0_0_, contacts0_.id as id1_0_0_, contactdat1_.id as id1_1_1_, contactdat1_.address as address2_1_1_, contactdat1_.company as company3_1_1_, contactdat1_.email as email4_1_1_, contactdat1_.firstname as firstnam5_1_1_, contactdat1_.home as home6_1_1_, contactdat1_.lastname as lastname7_1_1_, contactdat1_.mobile as mobile8_1_1_, contactdat1_.work as work9_1_1_ from address_in_groups contacts0_ inner join addressbook contactdat1_ on contacts0_.id=contactdat1_.id where contacts0_.group_id=?
Hibernate: select contacts0_.group_id as group_id2_0_0_, contacts0_.id as id1_0_0_, contactdat1_.id as id1_1_1_, contactdat1_.address as address2_1_1_, contactdat1_.company as company3_1_1_, contactdat1_.email as email4_1_1_, contactdat1_.firstname as firstnam5_1_1_, contactdat1_.home as home6_1_1_, contactdat1_.lastname as lastname7_1_1_, contactdat1_.mobile as mobile8_1_1_, contactdat1_.work as work9_1_1_ from address_in_groups contacts0_ inner join addressbook contactdat1_ on contacts0_.id=contactdat1_.id where contacts0_.group_id=?
Hibernate: select contacts0_.group_id as group_id2_0_0_, contacts0_.id as id1_0_0_, contactdat1_.id as id1_1_1_, contactdat1_.address as address2_1_1_, contactdat1_.company as company3_1_1_, contactdat1_.email as email4_1_1_, contactdat1_.firstname as firstnam5_1_1_, contactdat1_.home as home6_1_1_, contactdat1_.lastname as lastname7_1_1_, contactdat1_.mobile as mobile8_1_1_, contactdat1_.work as work9_1_1_ from address_in_groups contacts0_ inner join addressbook contactdat1_ on contacts0_.id=contactdat1_.id where contacts0_.group_id=?
Hibernate: select contacts0_.group_id as group_id2_0_0_, contacts0_.id as id1_0_0_, contactdat1_.id as id1_1_1_, contactdat1_.address as address2_1_1_, contactdat1_.company as company3_1_1_, contactdat1_.email as email4_1_1_, contactdat1_.firstname as firstnam5_1_1_, contactdat1_.home as home6_1_1_, contactdat1_.lastname as lastname7_1_1_, contactdat1_.mobile as mobile8_1_1_, contactdat1_.work as work9_1_1_ from address_in_groups contacts0_ inner join addressbook contactdat1_ on contacts0_.id=contactdat1_.id where contacts0_.group_id=?
Hibernate: select contacts0_.group_id as group_id2_0_0_, contacts0_.id as id1_0_0_, contactdat1_.id as id1_1_1_, contactdat1_.address as address2_1_1_, contactdat1_.company as company3_1_1_, contactdat1_.email as email4_1_1_, contactdat1_.firstname as firstnam5_1_1_, contactdat1_.home as home6_1_1_, contactdat1_.lastname as lastname7_1_1_, contactdat1_.mobile as mobile8_1_1_, contactdat1_.work as work9_1_1_ from address_in_groups contacts0_ inner join addressbook contactdat1_ on contacts0_.id=contactdat1_.id where contacts0_.group_id=?
Hibernate: select contacts0_.group_id as group_id2_0_0_, contacts0_.id as id1_0_0_, contactdat1_.id as id1_1_1_, contactdat1_.address as address2_1_1_, contactdat1_.company as company3_1_1_, contactdat1_.email as email4_1_1_, contactdat1_.firstname as firstnam5_1_1_, contactdat1_.home as home6_1_1_, contactdat1_.lastname as lastname7_1_1_, contactdat1_.mobile as mobile8_1_1_, contactdat1_.work as work9_1_1_ from address_in_groups contacts0_ inner join addressbook contactdat1_ on contacts0_.id=contactdat1_.id where contacts0_.group_id=?
Hibernate: select contacts0_.group_id as group_id2_0_0_, contacts0_.id as id1_0_0_, contactdat1_.id as id1_1_1_, contactdat1_.address as address2_1_1_, contactdat1_.company as company3_1_1_, contactdat1_.email as email4_1_1_, contactdat1_.firstname as firstnam5_1_1_, contactdat1_.home as home6_1_1_, contactdat1_.lastname as lastname7_1_1_, contactdat1_.mobile as mobile8_1_1_, contactdat1_.work as work9_1_1_ from address_in_groups contacts0_ inner join addressbook contactdat1_ on contacts0_.id=contactdat1_.id where contacts0_.group_id=?
Hibernate: select contacts0_.group_id as group_id2_0_0_, contacts0_.id as id1_0_0_, contactdat1_.id as id1_1_1_, contactdat1_.address as address2_1_1_, contactdat1_.company as company3_1_1_, contactdat1_.email as email4_1_1_, contactdat1_.firstname as firstnam5_1_1_, contactdat1_.home as home6_1_1_, contactdat1_.lastname as lastname7_1_1_, contactdat1_.mobile as mobile8_1_1_, contactdat1_.work as work9_1_1_ from address_in_groups contacts0_ inner join addressbook contactdat1_ on contacts0_.id=contactdat1_.id where contacts0_.group_id=?
Hibernate: select contacts0_.group_id as group_id2_0_0_, contacts0_.id as id1_0_0_, contactdat1_.id as id1_1_1_, contactdat1_.address as address2_1_1_, contactdat1_.company as company3_1_1_, contactdat1_.email as email4_1_1_, contactdat1_.firstname as firstnam5_1_1_, contactdat1_.home as home6_1_1_, contactdat1_.lastname as lastname7_1_1_, contactdat1_.mobile as mobile8_1_1_, contactdat1_.work as work9_1_1_ from address_in_groups contacts0_ inner join addressbook contactdat1_ on contacts0_.id=contactdat1_.id where contacts0_.group_id=?
Hibernate: select contacts0_.group_id as group_id2_0_0_, contacts0_.id as id1_0_0_, contactdat1_.id as id1_1_1_, contactdat1_.address as address2_1_1_, contactdat1_.company as company3_1_1_, contactdat1_.email as email4_1_1_, contactdat1_.firstname as firstnam5_1_1_, contactdat1_.home as home6_1_1_, contactdat1_.lastname as lastname7_1_1_, contactdat1_.mobile as mobile8_1_1_, contactdat1_.work as work9_1_1_ from address_in_groups contacts0_ inner join addressbook contactdat1_ on contacts0_.id=contactdat1_.id where contacts0_.group_id=?
[...]
Hibernate: select contacts0_.group_id as group_id2_0_0_, contacts0_.id as id1_0_0_, contactdat1_.id as id1_1_1_, contactdat1_.address as address2_1_1_, contactdat1_.company as company3_1_1_, contactdat1_.email as email4_1_1_, contactdat1_.firstname as firstnam5_1_1_, contactdat1_.home as home6_1_1_, contactdat1_.lastname as lastname7_1_1_, contactdat1_.mobile as mobile8_1_1_, contactdat1_.work as work9_1_1_ from address_in_groups contacts0_ inner join addressbook contactdat1_ on contacts0_.id=contactdat1_.id where contacts0_.group_id=?
Hibernate: select contacts0_.group_id as group_id2_0_0_, contacts0_.id as id1_0_0_, contactdat1_.id as id1_1_1_, contactdat1_.address as address2_1_1_, contactdat1_.company as company3_1_1_, contactdat1_.email as email4_1_1_, contactdat1_.firstname as firstnam5_1_1_, contactdat1_.home as home6_1_1_, contactdat1_.lastname as lastname7_1_1_, contactdat1_.mobile as mobile8_1_1_, contactdat1_.work as work9_1_1_ from address_in_groups contacts0_ inner join addressbook contactdat1_ on contacts0_.id=contactdat1_.id where contacts0_.group_id=?
Hibernate: select contacts0_.group_id as group_id2_0_0_, contacts0_.id as id1_0_0_, contactdat1_.id as id1_1_1_, contactdat1_.address as address2_1_1_, contactdat1_.company as company3_1_1_, contactdat1_.email as email4_1_1_, contactdat1_.firstname as firstnam5_1_1_, contactdat1_.home as home6_1_1_, contactdat1_.lastname as lastname7_1_1_, contactdat1_.mobile as mobile8_1_1_, contactdat1_.work as work9_1_1_ from address_in_groups contacts0_ inner join addressbook contactdat1_ on contacts0_.id=contactdat1_.id where contacts0_.group_id=?
Hibernate: select groupdata0_.group_id as group_id1_2_, groupdata0_.group_footer as group_fo2_2_, groupdata0_.group_header as group_he3_2_, groupdata0_.group_name as group_na4_2_ from group_list groupdata0_
Hibernate: select contacts0_.group_id as group_id2_0_0_, contacts0_.id as id1_0_0_, contactdat1_.id as id1_1_1_, contactdat1_.address as address2_1_1_, contactdat1_.company as company3_1_1_, contactdat1_.email as email4_1_1_, contactdat1_.firstname as firstnam5_1_1_, contactdat1_.home as home6_1_1_, contactdat1_.lastname as lastname7_1_1_, contactdat1_.mobile as mobile8_1_1_, contactdat1_.work as work9_1_1_ from address_in_groups contacts0_ inner join addressbook contactdat1_ on contacts0_.id=contactdat1_.id where contacts0_.group_id=?
Hibernate: select contacts0_.group_id as group_id2_0_0_, contacts0_.id as id1_0_0_, contactdat1_.id as id1_1_1_, contactdat1_.address as address2_1_1_, contactdat1_.company as company3_1_1_, contactdat1_.email as email4_1_1_, contactdat1_.firstname as firstnam5_1_1_, contactdat1_.home as home6_1_1_, contactdat1_.lastname as lastname7_1_1_, contactdat1_.mobile as mobile8_1_1_, contactdat1_.work as work9_1_1_ from address_in_groups contacts0_ inner join addressbook contactdat1_ on contacts0_.id=contactdat1_.id where contacts0_.group_id=?
Hibernate: select contacts0_.group_id as group_id2_0_0_, contacts0_.id as id1_0_0_, contactdat1_.id as id1_1_1_, contactdat1_.address as address2_1_1_, contactdat1_.company as company3_1_1_, contactdat1_.email as email4_1_1_, contactdat1_.firstname as firstnam5_1_1_, contactdat1_.home as home6_1_1_, contactdat1_.lastname as lastname7_1_1_, contactdat1_.mobile as mobile8_1_1_, contactdat1_.work as work9_1_1_ from address_in_groups contacts0_ inner join addressbook contactdat1_ on contacts0_.id=contactdat1_.id where contacts0_.group_id=?
Hibernate: select contacts0_.group_id as group_id2_0_0_, contacts0_.id as id1_0_0_, contactdat1_.id as id1_1_1_, contactdat1_.address as address2_1_1_, contactdat1_.company as company3_1_1_, contactdat1_.email as email4_1_1_, contactdat1_.firstname as firstnam5_1_1_, contactdat1_.home as home6_1_1_, contactdat1_.lastname as lastname7_1_1_, contactdat1_.mobile as mobile8_1_1_, contactdat1_.work as work9_1_1_ from address_in_groups contacts0_ inner join addressbook contactdat1_ on contacts0_.id=contactdat1_.id where contacts0_.group_id=?
Hibernate: select contacts0_.group_id as group_id2_0_0_, contacts0_.id as id1_0_0_, contactdat1_.id as id1_1_1_, contactdat1_.address as address2_1_1_, contactdat1_.company as company3_1_1_, contactdat1_.email as email4_1_1_, contactdat1_.firstname as firstnam5_1_1_, contactdat1_.home as home6_1_1_, contactdat1_.lastname as lastname7_1_1_, contactdat1_.mobile as mobile8_1_1_, contactdat1_.work as work9_1_1_ from address_in_groups contacts0_ inner join addressbook contactdat1_ on contacts0_.id=contactdat1_.id where contacts0_.group_id=?
Hibernate: select contacts0_.group_id as group_id2_0_0_, contacts0_.id as id1_0_0_, contactdat1_.id as id1_1_1_, contactdat1_.address as address2_1_1_, contactdat1_.company as company3_1_1_, contactdat1_.email as email4_1_1_, contactdat1_.firstname as firstnam5_1_1_, contactdat1_.home as home6_1_1_, contactdat1_.lastname as lastname7_1_1_, contactdat1_.mobile as mobile8_1_1_, contactdat1_.work as work9_1_1_ from address_in_groups contacts0_ inner join addressbook contactdat1_ on contacts0_.id=contactdat1_.id where contacts0_.group_id=?
Hibernate: select contacts0_.group_id as group_id2_0_0_, contacts0_.id as id1_0_0_, contactdat1_.id as id1_1_1_, contactdat1_.address as address2_1_1_, contactdat1_.company as company3_1_1_, contactdat1_.email as email4_1_1_, contactdat1_.firstname as firstnam5_1_1_, contactdat1_.home as home6_1_1_, contactdat1_.lastname as lastname7_1_1_, contactdat1_.mobile as mobile8_1_1_, contactdat1_.work as work9_1_1_ from address_in_groups contacts0_ inner join addressbook contactdat1_ on contacts0_.id=contactdat1_.id where contacts0_.group_id=?
Hibernate: select contacts0_.group_id as group_id2_0_0_, contacts0_.id as id1_0_0_, contactdat1_.id as id1_1_1_, contactdat1_.address as address2_1_1_, contactdat1_.company as company3_1_1_, contactdat1_.email as email4_1_1_, contactdat1_.firstname as firstnam5_1_1_, contactdat1_.home as home6_1_1_, contactdat1_.lastname as lastname7_1_1_, contactdat1_.mobile as mobile8_1_1_, contactdat1_.work as work9_1_1_ from address_in_groups contacts0_ inner join addressbook contactdat1_ on contacts0_.id=contactdat1_.id where contacts0_.group_id=?
Hibernate: select contacts0_.group_id as group_id2_0_0_, contacts0_.id as id1_0_0_, contactdat1_.id as id1_1_1_, contactdat1_.address as address2_1_1_, contactdat1_.company as company3_1_1_, contactdat1_.email as email4_1_1_, contactdat1_.firstname as firstnam5_1_1_, contactdat1_.home as home6_1_1_, contactdat1_.lastname as lastname7_1_1_, contactdat1_.mobile as mobile8_1_1_, contactdat1_.work as work9_1_1_ from address_in_groups contacts0_ inner join addressbook contactdat1_ on contacts0_.id=contactdat1_.id where contacts0_.group_id=?
Hibernate: select contacts0_.group_id as group_id2_0_0_, contacts0_.id as id1_0_0_, contactdat1_.id as id1_1_1_, contactdat1_.address as address2_1_1_, contactdat1_.company as company3_1_1_, contactdat1_.email as email4_1_1_, contactdat1_.firstname as firstnam5_1_1_, contactdat1_.home as home6_1_1_, contactdat1_.lastname as lastname7_1_1_, contactdat1_.mobile as mobile8_1_1_, contactdat1_.work as work9_1_1_ from address_in_groups contacts0_ inner join addressbook contactdat1_ on contacts0_.id=contactdat1_.id where contacts0_.group_id=?
Hibernate: select contacts0_.group_id as group_id2_0_0_, contacts0_.id as id1_0_0_, contactdat1_.id as id1_1_1_, contactdat1_.address as address2_1_1_, contactdat1_.company as company3_1_1_, contactdat1_.email as email4_1_1_, contactdat1_.firstname as firstnam5_1_1_, contactdat1_.home as home6_1_1_, contactdat1_.lastname as lastname7_1_1_, contactdat1_.mobile as mobile8_1_1_, contactdat1_.work as work9_1_1_ from address_in_groups contacts0_ inner join addressbook contactdat1_ on contacts0_.id=contactdat1_.id where contacts0_.group_id=?
Hibernate: select contacts0_.group_id as group_id2_0_0_, contacts0_.id as id1_0_0_, contactdat1_.id as id1_1_1_, contactdat1_.address as address2_1_1_, contactdat1_.company as company3_1_1_, contactdat1_.email as email4_1_1_, contactdat1_.firstname as firstnam5_1_1_, contactdat1_.home as home6_1_1_, contactdat1_.lastname as lastname7_1_1_, contactdat1_.mobile as mobile8_1_1_, contactdat1_.work as work9_1_1_ from address_in_groups contacts0_ inner join addressbook contactdat1_ on contacts0_.id=contactdat1_.id where contacts0_.group_id=?
Hibernate: select contacts0_.group_id as group_id2_0_0_, contacts0_.id as id1_0_0_, contactdat1_.id as id1_1_1_, contactdat1_.address as address2_1_1_, contactdat1_.company as company3_1_1_, contactdat1_.email as email4_1_1_, contactdat1_.firstname as firstnam5_1_1_, contactdat1_.home as home6_1_1_, contactdat1_.lastname as lastname7_1_1_, contactdat1_.mobile as mobile8_1_1_, contactdat1_.work as work9_1_1_ from address_in_groups contacts0_ inner join addressbook contactdat1_ on contacts0_.id=contactdat1_.id where contacts0_.group_id=?
Hibernate: select contacts0_.group_id as group_id2_0_0_, contacts0_.id as id1_0_0_, contactdat1_.id as id1_1_1_, contactdat1_.address as address2_1_1_, contactdat1_.company as company3_1_1_, contactdat1_.email as email4_1_1_, contactdat1_.firstname as firstnam5_1_1_, contactdat1_.home as home6_1_1_, contactdat1_.lastname as lastname7_1_1_, contactdat1_.mobile as mobile8_1_1_, contactdat1_.work as work9_1_1_ from address_in_groups contacts0_ inner join addressbook contactdat1_ on contacts0_.id=contactdat1_.id where contacts0_.group_id=?
Hibernate: select contacts0_.group_id as group_id2_0_0_, contacts0_.id as id1_0_0_, contactdat1_.id as id1_1_1_, contactdat1_.address as address2_1_1_, contactdat1_.company as company3_1_1_, contactdat1_.email as email4_1_1_, contactdat1_.firstname as firstnam5_1_1_, contactdat1_.home as home6_1_1_, contactdat1_.lastname as lastname7_1_1_, contactdat1_.mobile as mobile8_1_1_, contactdat1_.work as work9_1_1_ from address_in_groups contacts0_ inner join addressbook contactdat1_ on contacts0_.id=contactdat1_.id where contacts0_.group_id=?
Hibernate: select contacts0_.group_id as group_id2_0_0_, contacts0_.id as id1_0_0_, contactdat1_.id as id1_1_1_, contactdat1_.address as address2_1_1_, contactdat1_.company as company3_1_1_, contactdat1_.email as email4_1_1_, contactdat1_.firstname as firstnam5_1_1_, contactdat1_.home as home6_1_1_, contactdat1_.lastname as lastname7_1_1_, contactdat1_.mobile as mobile8_1_1_, contactdat1_.work as work9_1_1_ from address_in_groups contacts0_ inner join addressbook contactdat1_ on contacts0_.id=contactdat1_.id where contacts0_.group_id=?
Hibernate: select contacts0_.group_id as group_id2_0_0_, contacts0_.id as id1_0_0_, contactdat1_.id as id1_1_1_, contactdat1_.address as address2_1_1_, contactdat1_.company as company3_1_1_, contactdat1_.email as email4_1_1_, contactdat1_.firstname as firstnam5_1_1_, contactdat1_.home as home6_1_1_, contactdat1_.lastname as lastname7_1_1_, contactdat1_.mobile as mobile8_1_1_, contactdat1_.work as work9_1_1_ from address_in_groups contacts0_ inner join addressbook contactdat1_ on contacts0_.id=contactdat1_.id where contacts0_.group_id=?
Hibernate: select contacts0_.group_id as group_id2_0_0_, contacts0_.id as id1_0_0_, contactdat1_.id as id1_1_1_, contactdat1_.address as address2_1_1_, contactdat1_.company as company3_1_1_, contactdat1_.email as email4_1_1_, contactdat1_.firstname as firstnam5_1_1_, contactdat1_.home as home6_1_1_, contactdat1_.lastname as lastname7_1_1_, contactdat1_.mobile as mobile8_1_1_, contactdat1_.work as work9_1_1_ from address_in_groups contacts0_ inner join addressbook contactdat1_ on contacts0_.id=contactdat1_.id where contacts0_.group_id=?
Hibernate: select contacts0_.group_id as group_id2_0_0_, contacts0_.id as id1_0_0_, contactdat1_.id as id1_1_1_, contactdat1_.address as address2_1_1_, contactdat1_.company as company3_1_1_, contactdat1_.email as email4_1_1_, contactdat1_.firstname as firstnam5_1_1_, contactdat1_.home as home6_1_1_, contactdat1_.lastname as lastname7_1_1_, contactdat1_.mobile as mobile8_1_1_, contactdat1_.work as work9_1_1_ from address_in_groups contacts0_ inner join addressbook contactdat1_ on contacts0_.id=contactdat1_.id where contacts0_.group_id=?
Hibernate: select contacts0_.group_id as group_id2_0_0_, contacts0_.id as id1_0_0_, contactdat1_.id as id1_1_1_, contactdat1_.address as address2_1_1_, contactdat1_.company as company3_1_1_, contactdat1_.email as email4_1_1_, contactdat1_.firstname as firstnam5_1_1_, contactdat1_.home as home6_1_1_, contactdat1_.lastname as lastname7_1_1_, contactdat1_.mobile as mobile8_1_1_, contactdat1_.work as work9_1_1_ from address_in_groups contacts0_ inner join addressbook contactdat1_ on contacts0_.id=contactdat1_.id where contacts0_.group_id=?
Hibernate: select contacts0_.group_id as group_id2_0_0_, contacts0_.id as id1_0_0_, contactdat1_.id as id1_1_1_, contactdat1_.address as address2_1_1_, contactdat1_.company as company3_1_1_, contactdat1_.email as email4_1_1_, contactdat1_.firstname as firstnam5_1_1_, contactdat1_.home as home6_1_1_, contactdat1_.lastname as lastname7_1_1_, contactdat1_.mobile as mobile8_1_1_, contactdat1_.work as work9_1_1_ from address_in_groups contacts0_ inner join addressbook contactdat1_ on contacts0_.id=contactdat1_.id where contacts0_.group_id=?
Hibernate: select contacts0_.group_id as group_id2_0_0_, contacts0_.id as id1_0_0_, contactdat1_.id as id1_1_1_, contactdat1_.address as address2_1_1_, contactdat1_.company as company3_1_1_, contactdat1_.email as email4_1_1_, contactdat1_.firstname as firstnam5_1_1_, contactdat1_.home as home6_1_1_, contactdat1_.lastname as lastname7_1_1_, contactdat1_.mobile as mobile8_1_1_, contactdat1_.work as work9_1_1_ from address_in_groups contacts0_ inner join addressbook contactdat1_ on contacts0_.id=contactdat1_.id where contacts0_.group_id=?
Hibernate: select contacts0_.group_id as group_id2_0_0_, contacts0_.id as id1_0_0_, contactdat1_.id as id1_1_1_, contactdat1_.address as address2_1_1_, contactdat1_.company as company3_1_1_, contactdat1_.email as email4_1_1_, contactdat1_.firstname as firstnam5_1_1_, contactdat1_.home as home6_1_1_, contactdat1_.lastname as lastname7_1_1_, contactdat1_.mobile as mobile8_1_1_, contactdat1_.work as work9_1_1_ from address_in_groups contacts0_ inner join addressbook contactdat1_ on contacts0_.id=contactdat1_.id where contacts0_.group_id=?
Hibernate: select contacts0_.group_id as group_id2_0_0_, contacts0_.id as id1_0_0_, contactdat1_.id as id1_1_1_, contactdat1_.address as address2_1_1_, contactdat1_.company as company3_1_1_, contactdat1_.email as email4_1_1_, contactdat1_.firstname as firstnam5_1_1_, contactdat1_.home as home6_1_1_, contactdat1_.lastname as lastname7_1_1_, contactdat1_.mobile as mobile8_1_1_, contactdat1_.work as work9_1_1_ from address_in_groups contacts0_ inner join addressbook contactdat1_ on contacts0_.id=contactdat1_.id where contacts0_.group_id=?
Hibernate: select contacts0_.group_id as group_id2_0_0_, contacts0_.id as id1_0_0_, contactdat1_.id as id1_1_1_, contactdat1_.address as address2_1_1_, contactdat1_.company as company3_1_1_, contactdat1_.email as email4_1_1_, contactdat1_.firstname as firstnam5_1_1_, contactdat1_.home as home6_1_1_, contactdat1_.lastname as lastname7_1_1_, contactdat1_.mobile as mobile8_1_1_, contactdat1_.work as work9_1_1_ from address_in_groups contacts0_ inner join addressbook contactdat1_ on contacts0_.id=contactdat1_.id where contacts0_.group_id=?
Hibernate: select contacts0_.group_id as group_id2_0_0_, contacts0_.id as id1_0_0_, contactdat1_.id as id1_1_1_, contactdat1_.address as address2_1_1_, contactdat1_.company as company3_1_1_, contactdat1_.email as email4_1_1_, contactdat1_.firstname as firstnam5_1_1_, contactdat1_.home as home6_1_1_, contactdat1_.lastname as lastname7_1_1_, contactdat1_.mobile as mobile8_1_1_, contactdat1_.work as work9_1_1_ from address_in_groups contacts0_ inner join addressbook contactdat1_ on contacts0_.id=contactdat1_.id where contacts0_.group_id=?
Hibernate: select contacts0_.group_id as group_id2_0_0_, contacts0_.id as id1_0_0_, contactdat1_.id as id1_1_1_, contactdat1_.address as address2_1_1_, contactdat1_.company as company3_1_1_, contactdat1_.email as email4_1_1_, contactdat1_.firstname as firstnam5_1_1_, contactdat1_.home as home6_1_1_, contactdat1_.lastname as lastname7_1_1_, contactdat1_.mobile as mobile8_1_1_, contactdat1_.work as work9_1_1_ from address_in_groups contacts0_ inner join addressbook contactdat1_ on contacts0_.id=contactdat1_.id where contacts0_.group_id=?
Hibernate: select contacts0_.group_id as group_id2_0_0_, contacts0_.id as id1_0_0_, contactdat1_.id as id1_1_1_, contactdat1_.address as address2_1_1_, contactdat1_.company as company3_1_1_, contactdat1_.email as email4_1_1_, contactdat1_.firstname as firstnam5_1_1_, contactdat1_.home as home6_1_1_, contactdat1_.lastname as lastname7_1_1_, contactdat1_.mobile as mobile8_1_1_, contactdat1_.work as work9_1_1_ from address_in_groups contacts0_ inner join addressbook contactdat1_ on contacts0_.id=contactdat1_.id where contacts0_.group_id=?
Hibernate: select contacts0_.group_id as group_id2_0_0_, contacts0_.id as id1_0_0_, contactdat1_.id as id1_1_1_, contactdat1_.address as address2_1_1_, contactdat1_.company as company3_1_1_, contactdat1_.email as email4_1_1_, contactdat1_.firstname as firstnam5_1_1_, contactdat1_.home as home6_1_1_, contactdat1_.lastname as lastname7_1_1_, contactdat1_.mobile as mobile8_1_1_, contactdat1_.work as work9_1_1_ from address_in_groups contacts0_ inner join addressbook contactdat1_ on contacts0_.id=contactdat1_.id where contacts0_.group_id=?
Hibernate: select contacts0_.group_id as group_id2_0_0_, contacts0_.id as id1_0_0_, contactdat1_.id as id1_1_1_, contactdat1_.address as address2_1_1_, contactdat1_.company as company3_1_1_, contactdat1_.email as email4_1_1_, contactdat1_.firstname as firstnam5_1_1_, contactdat1_.home as home6_1_1_, contactdat1_.lastname as lastname7_1_1_, contactdat1_.mobile as mobile8_1_1_, contactdat1_.work as work9_1_1_ from address_in_groups contacts0_ inner join addressbook contactdat1_ on contacts0_.id=contactdat1_.id where contacts0_.group_id=?
Hibernate: select contacts0_.group_id as group_id2_0_0_, contacts0_.id as id1_0_0_, contactdat1_.id as id1_1_1_, contactdat1_.address as address2_1_1_, contactdat1_.company as company3_1_1_, contactdat1_.email as email4_1_1_, contactdat1_.firstname as firstnam5_1_1_, contactdat1_.home as home6_1_1_, contactdat1_.lastname as lastname7_1_1_, contactdat1_.mobile as mobile8_1_1_, contactdat1_.work as work9_1_1_ from address_in_groups contacts0_ inner join addressbook contactdat1_ on contacts0_.id=contactdat1_.id where contacts0_.group_id=?
Hibernate: select contacts0_.group_id as group_id2_0_0_, contacts0_.id as id1_0_0_, contactdat1_.id as id1_1_1_, contactdat1_.address as address2_1_1_, contactdat1_.company as company3_1_1_, contactdat1_.email as email4_1_1_, contactdat1_.firstname as firstnam5_1_1_, contactdat1_.home as home6_1_1_, contactdat1_.lastname as lastname7_1_1_, contactdat1_.mobile as mobile8_1_1_, contactdat1_.work as work9_1_1_ from address_in_groups contacts0_ inner join addressbook contactdat1_ on contacts0_.id=contactdat1_.id where contacts0_.group_id=?
Hibernate: select contacts0_.group_id as group_id2_0_0_, contacts0_.id as id1_0_0_, contactdat1_.id as id1_1_1_, contactdat1_.address as address2_1_1_, contactdat1_.company as company3_1_1_, contactdat1_.email as email4_1_1_, contactdat1_.firstname as firstnam5_1_1_, contactdat1_.home as home6_1_1_, contactdat1_.lastname as lastname7_1_1_, contactdat1_.mobile as mobile8_1_1_, contactdat1_.work as work9_1_1_ from address_in_groups contacts0_ inner join addressbook contactdat1_ on contacts0_.id=contactdat1_.id where contacts0_.group_id=?
]]></system-out>
  <system-err><![CDATA[окт 06, 2019 11:06:05 PM org.hibernate.hql.internal.QueryTranslatorFactoryInitiator initiateService
INFO: HHH000397: Using ASTQueryTranslatorFactory
]]></system-err>
</testsuite>
